#
# A fatal error has been detected by the Java Runtime Environment:
#
#  SIGSEGV (0xb) at pc=0x0000000131f6ea6b, pid=14203, tid=775
#
# JRE version: Java(TM) SE Runtime Environment 18.9 (11.0.8+10) (build 11.0.8+10-LTS)
# Java VM: Java HotSpot(TM) 64-Bit Server VM 18.9 (11.0.8+10-LTS, mixed mode, tiered, compressed oops, g1 gc, bsd-amd64)
# Problematic frame:
# C  [jna17504602055346205771.tmp+0x17a6b]  tesseract::Tesseract::recog_all_words(PAGE_RES*, ETEXT_DESC*, TBOX const*, char const*, int)+0xaf
#
# No core dump will be written. Core dumps have been disabled. To enable core dumping, try "ulimit -c unlimited" before starting Java again
#
# If you would like to submit a bug report, please visit:
#   https://bugreport.java.com/bugreport/crash.jsp
# The crash happened outside the Java Virtual Machine in native code.
# See problematic frame for where to report the bug.
#

---------------  S U M M A R Y ------------

Command Line: --module-path=/Users/michaelsheinman/Documents/javafx-sdk-11.0.2/lib --add-modules=javafx.controls,javafx.fxml -Dfile.encoding=UTF-8 application.Main

Host: MacBookAir7,2 x86_64 1800 MHz, 4 cores, 8G, Darwin 19.6.0
Time: Sun Jun 27 22:25:56 2021 EDT elapsed time: 15 seconds (0d 0h 0m 15s)

---------------  T H R E A D  ---------------

Current thread (0x00007fd12e184000):  JavaThread "JavaFX Application Thread" [_thread_in_native, id=775, stack(0x00007ffee5ada000,0x00007ffee62da000)]

Stack: [0x00007ffee5ada000,0x00007ffee62da000],  sp=0x00007ffee62d0eb0,  free space=8155k
Native frames: (J=compiled Java code, A=aot compiled Java code, j=interpreted, Vv=VM code, C=native code)
C  [jna17504602055346205771.tmp+0x17a6b]  tesseract::Tesseract::recog_all_words(PAGE_RES*, ETEXT_DESC*, TBOX const*, char const*, int)+0xaf
C  [jna17504602055346205771.tmp+0x4647]  tesseract::TessBaseAPI::Recognize(ETEXT_DESC*)+0x379
C  [jna17504602055346205771.tmp+0x35e5]  tesseract::TessBaseAPI::GetUTF8Text()+0x2b
C  [jna9674221450902905481.tmp+0xde74]  ffi_call_unix64+0x4c

Java frames: (J=compiled Java code, j=interpreted, Vv=VM code)
j  com.sun.jna.Native.invokePointer(Lcom/sun/jna/Function;JI[Ljava/lang/Object;)J+0
j  com.sun.jna.Function.invokePointer(I[Ljava/lang/Object;)Lcom/sun/jna/Pointer;+7
j  com.sun.jna.Function.invoke([Ljava/lang/Object;Ljava/lang/Class;ZI)Ljava/lang/Object;+385
j  com.sun.jna.Function.invoke(Ljava/lang/reflect/Method;[Ljava/lang/Class;Ljava/lang/Class;[Ljava/lang/Object;Ljava/util/Map;)Ljava/lang/Object;+271
j  com.sun.jna.Library$Handler.invoke(Ljava/lang/Object;Ljava/lang/reflect/Method;[Ljava/lang/Object;)Ljava/lang/Object;+390
j  com.sun.proxy.$Proxy5.TessBaseAPIGetUTF8Text(Lnet/sourceforge/tess4j/ITessAPI$TessBaseAPI;)Lcom/sun/jna/Pointer;+16
j  net.sourceforge.tess4j.Tesseract.getOCRText(Ljava/lang/String;I)Ljava/lang/String;+269
j  net.sourceforge.tess4j.Tesseract.doOCR(Ljavax/imageio/IIOImage;Ljava/lang/String;Ljava/awt/Rectangle;I)Ljava/lang/String;+18
j  net.sourceforge.tess4j.Tesseract.doOCR(Ljava/io/File;Ljava/awt/Rectangle;)Ljava/lang/String;+126
j  net.sourceforge.tess4j.Tesseract.doOCR(Ljava/io/File;)Ljava/lang/String;+3
j  model.TextParser.decipher(Ljava/io/File;Ljava/lang/String;)Ljava/lang/String;+110
j  controller.MainController.lambda$0(Ljavafx/beans/value/ObservableValue;Ljava/lang/String;Ljava/lang/String;)V+39
j  controller.MainController$$Lambda$169.changed(Ljavafx/beans/value/ObservableValue;Ljava/lang/Object;Ljava/lang/Object;)V+13
j  com.sun.javafx.binding.ExpressionHelper$Generic.fireValueChangedEvent()V+167 javafx.base
J 1638 c1 com.sun.javafx.binding.ExpressionHelper.fireValueChangedEvent(Lcom/sun/javafx/binding/ExpressionHelper;)V javafx.base (9 bytes) @ 0x0000000118c4e2dc [0x0000000118c4e1c0+0x000000000000011c]
j  javafx.scene.control.TextInputControl$TextProperty.fireValueChangedEvent()V+4 javafx.controls
j  javafx.scene.control.TextInputControl$TextProperty.markInvalid()V+1 javafx.controls
j  javafx.scene.control.TextInputControl$TextProperty.controlContentHasChanged()V+1 javafx.controls
j  javafx.scene.control.TextInputControl$TextProperty.access$1600(Ljavafx/scene/control/TextInputControl$TextProperty;)V+1 javafx.controls
j  javafx.scene.control.TextInputControl.lambda$new$0(Ljavafx/scene/control/TextInputControl$Content;Ljavafx/beans/Observable;)V+22 javafx.controls
j  javafx.scene.control.TextInputControl$$Lambda$155.invalidated(Ljavafx/beans/Observable;)V+9 javafx.controls
j  com.sun.javafx.binding.ExpressionHelper$SingleInvalidation.fireValueChangedEvent()V+8 javafx.base
J 1638 c1 com.sun.javafx.binding.ExpressionHelper.fireValueChangedEvent(Lcom/sun/javafx/binding/ExpressionHelper;)V javafx.base (9 bytes) @ 0x0000000118c4e2dc [0x0000000118c4e1c0+0x000000000000011c]
j  javafx.scene.control.TextField$TextFieldContent.insert(ILjava/lang/String;Z)V+32 javafx.controls
j  javafx.scene.control.TextInputControl.replaceText(IILjava/lang/String;II)I+48 javafx.controls
j  javafx.scene.control.TextInputControl.filterAndSet(Ljava/lang/String;)Z+117 javafx.controls
j  javafx.scene.control.TextInputControl.access$900(Ljavafx/scene/control/TextInputControl;Ljava/lang/String;)Z+2 javafx.controls
j  javafx.scene.control.TextInputControl$TextProperty.doSet(Ljava/lang/String;)V+25 javafx.controls
j  javafx.scene.control.TextInputControl$TextProperty.set(Ljava/lang/String;)V+19 javafx.controls
j  javafx.scene.control.TextInputControl.setText(Ljava/lang/String;)V+5 javafx.controls
j  controller.MainController.onHandleFileSelection(Ljavafx/event/ActionEvent;)V+41
v  ~StubRoutines::call_stub
j  jdk.internal.reflect.NativeMethodAccessorImpl.invoke0(Ljava/lang/reflect/Method;Ljava/lang/Object;[Ljava/lang/Object;)Ljava/lang/Object;+0 java.base@11.0.8
j  jdk.internal.reflect.NativeMethodAccessorImpl.invoke(Ljava/lang/Object;[Ljava/lang/Object;)Ljava/lang/Object;+100 java.base@11.0.8
J 1869 c1 jdk.internal.reflect.DelegatingMethodAccessorImpl.invoke(Ljava/lang/Object;[Ljava/lang/Object;)Ljava/lang/Object; java.base@11.0.8 (10 bytes) @ 0x0000000118cc1fcc [0x0000000118cc1ec0+0x000000000000010c]
J 1868 c1 java.lang.reflect.Method.invoke(Ljava/lang/Object;[Ljava/lang/Object;)Ljava/lang/Object; java.base@11.0.8 (65 bytes) @ 0x0000000118cc1a44 [0x0000000118cc1700+0x0000000000000344]
j  com.sun.javafx.reflect.Trampoline.invoke(Ljava/lang/reflect/Method;Ljava/lang/Object;[Ljava/lang/Object;)Ljava/lang/Object;+7
j  jdk.internal.reflect.GeneratedMethodAccessor2.invoke(Ljava/lang/Object;[Ljava/lang/Object;)Ljava/lang/Object;+40
J 1869 c1 jdk.internal.reflect.DelegatingMethodAccessorImpl.invoke(Ljava/lang/Object;[Ljava/lang/Object;)Ljava/lang/Object; java.base@11.0.8 (10 bytes) @ 0x0000000118cc1fcc [0x0000000118cc1ec0+0x000000000000010c]
J 1868 c1 java.lang.reflect.Method.invoke(Ljava/lang/Object;[Ljava/lang/Object;)Ljava/lang/Object; java.base@11.0.8 (65 bytes) @ 0x0000000118cc1a44 [0x0000000118cc1700+0x0000000000000344]
j  com.sun.javafx.reflect.MethodUtil.invoke(Ljava/lang/reflect/Method;Ljava/lang/Object;[Ljava/lang/Object;)Ljava/lang/Object;+20 javafx.base
j  com.sun.javafx.fxml.MethodHelper.invoke(Ljava/lang/reflect/Method;Ljava/lang/Object;[Ljava/lang/Object;)Ljava/lang/Object;+142 javafx.fxml
j  javafx.fxml.FXMLLoader$MethodHandler.invoke([Ljava/lang/Object;)V+19 javafx.fxml
j  javafx.fxml.FXMLLoader$ControllerMethodEventHandler.handle(Ljavafx/event/Event;)V+12 javafx.fxml
j  com.sun.javafx.event.CompositeEventHandler.dispatchBubblingEvent(Ljavafx/event/Event;)V+51 javafx.base
J 2123 c1 com.sun.javafx.event.EventHandlerManager.dispatchBubblingEvent(Ljavafx/event/EventType;Ljavafx/event/Event;)Ljavafx/event/Event; javafx.base (34 bytes) @ 0x0000000118d220c4 [0x0000000118d21b80+0x0000000000000544]
j  com.sun.javafx.event.EventHandlerManager.dispatchBubblingEvent(Ljavafx/event/Event;)Ljavafx/event/Event;+8 javafx.base
j  com.sun.javafx.event.CompositeEventDispatcher.dispatchBubblingEvent(Ljavafx/event/Event;)Ljavafx/event/Event;+11 javafx.base
J 2199 c1 com.sun.javafx.event.BasicEventDispatcher.dispatchEvent(Ljavafx/event/Event;Ljavafx/event/EventDispatchChain;)Ljavafx/event/Event; javafx.base (44 bytes) @ 0x0000000118d3e55c [0x0000000118d3e200+0x000000000000035c]
J 2134 c1 com.sun.javafx.event.EventDispatchChainImpl.dispatchEvent(Ljavafx/event/Event;)Ljavafx/event/Event; javafx.base (101 bytes) @ 0x0000000118d2ba1c [0x0000000118d2b860+0x00000000000001bc]
J 2199 c1 com.sun.javafx.event.BasicEventDispatcher.dispatchEvent(Ljavafx/event/Event;Ljavafx/event/EventDispatchChain;)Ljavafx/event/Event; javafx.base (44 bytes) @ 0x0000000118d3e46c [0x0000000118d3e200+0x000000000000026c]
J 2134 c1 com.sun.javafx.event.EventDispatchChainImpl.dispatchEvent(Ljavafx/event/Event;)Ljavafx/event/Event; javafx.base (101 bytes) @ 0x0000000118d2ba1c [0x0000000118d2b860+0x00000000000001bc]
J 2199 c1 com.sun.javafx.event.BasicEventDispatcher.dispatchEvent(Ljavafx/event/Event;Ljavafx/event/EventDispatchChain;)Ljavafx/event/Event; javafx.base (44 bytes) @ 0x0000000118d3e46c [0x0000000118d3e200+0x000000000000026c]
J 2134 c1 com.sun.javafx.event.EventDispatchChainImpl.dispatchEvent(Ljavafx/event/Event;)Ljavafx/event/Event; javafx.base (101 bytes) @ 0x0000000118d2ba1c [0x0000000118d2b860+0x00000000000001bc]
j  com.sun.javafx.event.EventUtil.fireEventImpl(Ljavafx/event/EventDispatchChain;Ljavafx/event/EventTarget;Ljavafx/event/Event;)Ljavafx/event/Event;+10 javafx.base
j  com.sun.javafx.event.EventUtil.fireEvent(Ljavafx/event/EventTarget;Ljavafx/event/Event;)Ljavafx/event/Event;+37 javafx.base
j  javafx.event.Event.fireEvent(Ljavafx/event/EventTarget;Ljavafx/event/Event;)V+30 javafx.base
j  javafx.scene.Node.fireEvent(Ljavafx/event/Event;)V+86 javafx.graphics
j  javafx.scene.control.Button.fire()V+15 javafx.controls
j  com.sun.javafx.scene.control.behavior.ButtonBehavior.mouseReleased(Ljavafx/scene/input/MouseEvent;)V+27 javafx.controls
j  com.sun.javafx.scene.control.behavior.ButtonBehavior$$Lambda$387.handle(Ljavafx/event/Event;)V+8 javafx.controls
j  com.sun.javafx.scene.control.inputmap.InputMap.handle(Ljavafx/event/Event;)V+61 javafx.controls
j  com.sun.javafx.scene.control.inputmap.InputMap$$Lambda$299.handle(Ljavafx/event/Event;)V+5 javafx.controls
j  com.sun.javafx.event.CompositeEventHandler$NormalEventHandlerRecord.handleBubblingEvent(Ljavafx/event/Event;)V+5 javafx.base
j  com.sun.javafx.event.CompositeEventHandler.dispatchBubblingEvent(Ljavafx/event/Event;)V+28 javafx.base
J 2123 c1 com.sun.javafx.event.EventHandlerManager.dispatchBubblingEvent(Ljavafx/event/EventType;Ljavafx/event/Event;)Ljavafx/event/Event; javafx.base (34 bytes) @ 0x0000000118d220c4 [0x0000000118d21b80+0x0000000000000544]
j  com.sun.javafx.event.EventHandlerManager.dispatchBubblingEvent(Ljavafx/event/Event;)Ljavafx/event/Event;+8 javafx.base
j  com.sun.javafx.event.CompositeEventDispatcher.dispatchBubblingEvent(Ljavafx/event/Event;)Ljavafx/event/Event;+11 javafx.base
J 2199 c1 com.sun.javafx.event.BasicEventDispatcher.dispatchEvent(Ljavafx/event/Event;Ljavafx/event/EventDispatchChain;)Ljavafx/event/Event; javafx.base (44 bytes) @ 0x0000000118d3e55c [0x0000000118d3e200+0x000000000000035c]
J 2134 c1 com.sun.javafx.event.EventDispatchChainImpl.dispatchEvent(Ljavafx/event/Event;)Ljavafx/event/Event; javafx.base (101 bytes) @ 0x0000000118d2ba1c [0x0000000118d2b860+0x00000000000001bc]
J 2199 c1 com.sun.javafx.event.BasicEventDispatcher.dispatchEvent(Ljavafx/event/Event;Ljavafx/event/EventDispatchChain;)Ljavafx/event/Event; javafx.base (44 bytes) @ 0x0000000118d3e46c [0x0000000118d3e200+0x000000000000026c]
J 2134 c1 com.sun.javafx.event.EventDispatchChainImpl.dispatchEvent(Ljavafx/event/Event;)Ljavafx/event/Event; javafx.base (101 bytes) @ 0x0000000118d2ba1c [0x0000000118d2b860+0x00000000000001bc]
J 2199 c1 com.sun.javafx.event.BasicEventDispatcher.dispatchEvent(Ljavafx/event/Event;Ljavafx/event/EventDispatchChain;)Ljavafx/event/Event; javafx.base (44 bytes) @ 0x0000000118d3e46c [0x0000000118d3e200+0x000000000000026c]
J 2134 c1 com.sun.javafx.event.EventDispatchChainImpl.dispatchEvent(Ljavafx/event/Event;)Ljavafx/event/Event; javafx.base (101 bytes) @ 0x0000000118d2ba1c [0x0000000118d2b860+0x00000000000001bc]
j  com.sun.javafx.event.EventUtil.fireEventImpl(Ljavafx/event/EventDispatchChain;Ljavafx/event/EventTarget;Ljavafx/event/Event;)Ljavafx/event/Event;+10 javafx.base
j  com.sun.javafx.event.EventUtil.fireEvent(Ljavafx/event/EventTarget;Ljavafx/event/Event;)Ljavafx/event/Event;+46 javafx.base
j  javafx.event.Event.fireEvent(Ljavafx/event/EventTarget;Ljavafx/event/Event;)V+30 javafx.base
j  javafx.scene.Scene$MouseHandler.process(Ljavafx/scene/input/MouseEvent;Z)V+491 javafx.graphics
j  javafx.scene.Scene$MouseHandler.access$1200(Ljavafx/scene/Scene$MouseHandler;Ljavafx/scene/input/MouseEvent;Z)V+3 javafx.graphics
j  javafx.scene.Scene.processMouseEvent(Ljavafx/scene/input/MouseEvent;)V+6 javafx.graphics
j  javafx.scene.Scene$ScenePeerListener.mouseEvent(Ljavafx/event/EventType;DDDDLjavafx/scene/input/MouseButton;ZZZZZZZZZ)V+46 javafx.graphics
j  com.sun.javafx.tk.quantum.GlassViewEventHandler$MouseEventNotification.run()Ljava/lang/Void;+582 javafx.graphics
j  com.sun.javafx.tk.quantum.GlassViewEventHandler$MouseEventNotification.run()Ljava/lang/Object;+1 javafx.graphics
v  ~StubRoutines::call_stub
J 2138  java.security.AccessController.doPrivileged(Ljava/security/PrivilegedAction;Ljava/security/AccessControlContext;)Ljava/lang/Object; java.base@11.0.8 (0 bytes) @ 0x000000011ff2c8b3 [0x000000011ff2c840+0x0000000000000073]
j  com.sun.javafx.tk.quantum.GlassViewEventHandler.lambda$handleMouseEvent$2()Ljava/lang/Void;+11 javafx.graphics
j  com.sun.javafx.tk.quantum.GlassViewEventHandler$$Lambda$680.get()Ljava/lang/Object;+4 javafx.graphics
j  com.sun.javafx.tk.quantum.QuantumToolkit.runWithoutRenderLock(Ljava/util/function/Supplier;)Ljava/lang/Object;+18 javafx.graphics
j  com.sun.javafx.tk.quantum.GlassViewEventHandler.handleMouseEvent(Lcom/sun/glass/ui/View;JIIIIIIIZZ)V+103 javafx.graphics
j  com.sun.glass.ui.View.handleMouseEvent(JIIIIIIIZZ)V+30 javafx.graphics
j  com.sun.glass.ui.View.notifyMouse(IIIIIIIZZ)V+181 javafx.graphics
j  com.sun.glass.ui.mac.MacView.notifyMouse(IIIIIIIZZ)V+96 javafx.graphics
v  ~StubRoutines::call_stub

siginfo: si_signo: 11 (SIGSEGV), si_code: 1 (SEGV_MAPERR), si_addr: 0x000000000000000c

Register to memory mapping:

RAX=0x0 is NULL
RBX=0x00007fd131bc2520 points into unknown readable memory: 00 00 00 00 00 00 00 00
RCX=0x0 is NULL
RDX=0x00007fd131bc66b0 points into unknown readable memory: 30 88 bc 31 d1 7f 00 00
RSP=0x00007ffee62d0eb0 is pointing into the stack for thread: 0x00007fd12e184000
RBP=0x00007ffee62d1070 is pointing into the stack for thread: 0x00007fd12e184000
RSI=0x0 is NULL
RDI=0x00007ffee62d0f68 is pointing into the stack for thread: 0x00007fd12e184000
R8 =0x0 is NULL
R9 =0x0 is NULL
R10=0x00000000fffffc00 is an unknown value
R11=0xfffffffffff4e350 is an unknown value
R12=0x0 is NULL
R13=0x00007fd130a96000 points into unknown readable memory: 00 b2 12 32 01 00 00 00
R14=0x0 is NULL
R15=0x0 is NULL


Registers:
RAX=0x0000000000000000, RBX=0x00007fd131bc2520, RCX=0x0000000000000000, RDX=0x00007fd131bc66b0
RSP=0x00007ffee62d0eb0, RBP=0x00007ffee62d1070, RSI=0x0000000000000000, RDI=0x00007ffee62d0f68
R8 =0x0000000000000000, R9 =0x0000000000000000, R10=0x00000000fffffc00, R11=0xfffffffffff4e350
R12=0x0000000000000000, R13=0x00007fd130a96000, R14=0x0000000000000000, R15=0x0000000000000000
RIP=0x0000000131f6ea6b, EFLAGS=0x0000000000010246, ERR=0x0000000000000004
  TRAPNO=0x000000000000000e

Top of Stack: (sp=0x00007ffee62d0eb0)
0x00007ffee62d0eb0:   00007fd131bc23f0 00007fd131bc2520
0x00007ffee62d0ec0:   0000000000000000 0000000000000000
0x00007ffee62d0ed0:   0000000000000000 00007fd131bc3240
0x00007ffee62d0ee0:   00007fd131bc2660 00007fd131bc2630
0x00007ffee62d0ef0:   00007fd131bc6d20 00007fd131bc66b0
0x00007ffee62d0f00:   00007fd131bc2630 00007fd131bc2528
0x00007ffee62d0f10:   00007fd131bc2630 00007fd131bc2630
0x00007ffee62d0f20:   00007fd131bc2630 00007fd131bc2630
0x00007ffee62d0f30:   00007fd131000000 00007fd131bc2658
0x00007ffee62d0f40:   00007fd131bc2660 00007fd131bc66b0
0x00007ffee62d0f50:   00007fd131bc8830 00007fd131bc2660
0x00007ffee62d0f60:   00007ffee6010000 00007fd131bc66d0
0x00007ffee62d0f70:   00007fd131bc6d20 00007fd131bc6810
0x00007ffee62d0f80:   00007fd131bc7050 00007fd131bc6d20
0x00007ffee62d0f90:   00007ffee6010000 00007fd131bc2680
0x00007ffee62d0fa0:   00007fd131bc58f0 00007fd131bc3240
0x00007ffee62d0fb0:   00007fd131bc2690 00007fd131bc3240
0x00007ffee62d0fc0:   0000000000000000 00007fd131bc66d0
0x00007ffee62d0fd0:   00007fd131bc7c00 00007fd131bc6d20
0x00007ffee62d0fe0:   00007fd131bc6810 00007fd131bc6d20
0x00007ffee62d0ff0:   00007ffee6000000 0000000131f599a5
0x00007ffee62d1000:   00007fd131c7bbe0 0000000132108754
0x00007ffee62d1010:   00007fd130a96150 00007fd12dfa1720
0x00007ffee62d1020:   00007fd12dfa1720 00007fd130a96000
0x00007ffee62d1030:   0000000000000000 0000000000000000
0x00007ffee62d1040:   00007fd131bc2520 00007ffee62d1001
0x00007ffee62d1050:   00007fd12dfa1720 00007fd130a96000
0x00007ffee62d1060:   00000000ffffffff 0000000000000000
0x00007ffee62d1070:   00007ffee62d10e0 0000000131f5b647
0x00007ffee62d1080:   00007ffee62d10a0 000000010a94fd77
0x00007ffee62d1090:   00007ffee62d10c0 00007fff6741f0c6
0x00007ffee62d10a0:   00007ffee62d10c0 000000010a94fd91 

Instructions: (pc=0x0000000131f6ea6b)
0x0000000131f6ea4b:   e8 40 fa 11 00 41 83 bd 08 14 00 00 00 7e 0a 4c
0x0000000131f6ea5b:   89 ef e8 e6 97 0b 00 eb 15 49 8b 85 b0 09 00 00
0x0000000131f6ea6b:   80 78 0c 00 74 08 4c 89 ef e8 43 98 0b 00 41 83
0x0000000131f6ea7b:   bd d8 44 02 00 00 7e 3e 31 db 49 8b 85 e0 44 02 

Stack slot to memory mapping:
stack at sp + 0 slots: 0x00007fd131bc23f0 points into unknown readable memory: a0 23 bc 31 d1 7f 00 00
stack at sp + 1 slots: 0x00007fd131bc2520 points into unknown readable memory: 00 00 00 00 00 00 00 00
stack at sp + 2 slots: 0x0 is NULL
stack at sp + 3 slots: 0x0 is NULL
stack at sp + 4 slots: 0x0 is NULL
stack at sp + 5 slots: 0x00007fd131bc3240 points into unknown readable memory: 90 26 bc 31 d1 7f 00 00
stack at sp + 6 slots: 0x00007fd131bc2660 points into unknown readable memory: b0 66 bc 31 d1 7f 00 00
stack at sp + 7 slots: 0x00007fd131bc2630 points into unknown readable memory: 30 26 bc 31 d1 7f 00 00


---------------  P R O C E S S  ---------------

Threads class SMR info:
_java_thread_list=0x00007fd12dcb1840, length=17, elements={
0x00007fd12e00e800, 0x00007fd12e07a800, 0x00007fd12f04b800, 0x00007fd12f00e000,
0x00007fd12f051000, 0x00007fd12f051800, 0x00007fd12f052800, 0x00007fd12e809800,
0x00007fd12e077800, 0x00007fd12e938000, 0x00007fd12f1ed000, 0x00007fd12e184000,
0x00007fd12e9c0800, 0x00007fd12ea07000, 0x00007fd12ea6b000, 0x00007fd12ed67000,
0x00007fd12f385800
}

Java Threads: ( => current thread )
  0x00007fd12e00e800 JavaThread "main" [_thread_blocked, id=9987, stack(0x000070000ca2c000,0x000070000cb2c000)]
  0x00007fd12e07a800 JavaThread "Reference Handler" daemon [_thread_blocked, id=14339, stack(0x000070000d141000,0x000070000d241000)]
  0x00007fd12f04b800 JavaThread "Finalizer" daemon [_thread_blocked, id=15107, stack(0x000070000d244000,0x000070000d344000)]
  0x00007fd12f00e000 JavaThread "Signal Dispatcher" daemon [_thread_blocked, id=17155, stack(0x000070000d44d000,0x000070000d54d000)]
  0x00007fd12f051000 JavaThread "C2 CompilerThread0" daemon [_thread_in_native, id=21763, stack(0x000070000d550000,0x000070000d650000)]
  0x00007fd12f051800 JavaThread "C1 CompilerThread0" daemon [_thread_blocked, id=43267, stack(0x000070000d653000,0x000070000d753000)]
  0x00007fd12f052800 JavaThread "Sweeper thread" daemon [_thread_blocked, id=42755, stack(0x000070000d756000,0x000070000d856000)]
  0x00007fd12e809800 JavaThread "Common-Cleaner" daemon [_thread_blocked, id=41987, stack(0x000070000d859000,0x000070000d959000)]
  0x00007fd12e077800 JavaThread "Service Thread" daemon [_thread_blocked, id=23299, stack(0x000070000d95c000,0x000070000da5c000)]
  0x00007fd12e938000 JavaThread "QuantumRenderer-0" daemon [_thread_blocked, id=24323, stack(0x000070000db62000,0x000070000dc62000)]
  0x00007fd12f1ed000 JavaThread "InvokeLaterDispatcher" daemon [_thread_blocked, id=37895, stack(0x000070000dc65000,0x000070000dd65000)]
=>0x00007fd12e184000 JavaThread "JavaFX Application Thread" [_thread_in_native, id=775, stack(0x00007ffee5ada000,0x00007ffee62da000)]
  0x00007fd12e9c0800 JavaThread "Thread-2" daemon [_thread_in_native, id=85507, stack(0x000070000e177000,0x000070000e1f7000)]
  0x00007fd12ea07000 JavaThread "JavaFX-Launcher" [_thread_blocked, id=78851, stack(0x000070000e27d000,0x000070000e37d000)]
  0x00007fd12ea6b000 JavaThread "Prism Font Disposer" daemon [_thread_blocked, id=55323, stack(0x000070000e403000,0x000070000e503000)]
  0x00007fd12ed67000 JavaThread "Cleaner-0" daemon [_thread_blocked, id=60175, stack(0x000070000e506000,0x000070000e606000)]
  0x00007fd12f385800 JavaThread "Java2D Disposer" daemon [_thread_blocked, id=68671, stack(0x000070000e609000,0x000070000e709000)]

Other Threads:
  0x00007fd12e079800 VMThread "VM Thread" [stack: 0x000070000d03e000,0x000070000d13e000] [id=13571]
  0x00007fd12f04e800 WatcherThread [stack: 0x000070000da5f000,0x000070000db5f000] [id=23811]
  0x00007fd12e00f800 GCTaskThread "GC Thread#0" [stack: 0x000070000cb2f000,0x000070000cc2f000] [id=20995]
  0x00007fd12e192800 GCTaskThread "GC Thread#1" [stack: 0x000070000dd68000,0x000070000de68000] [id=28931]
  0x00007fd12e193800 GCTaskThread "GC Thread#2" [stack: 0x000070000de6b000,0x000070000df6b000] [id=29187]
  0x00007fd12e194000 GCTaskThread "GC Thread#3" [stack: 0x000070000df6e000,0x000070000e06e000] [id=29443]
  0x00007fd12e03b800 ConcurrentGCThread "G1 Main Marker" [stack: 0x000070000cc32000,0x000070000cd32000] [id=20739]
  0x00007fd12e03c000 ConcurrentGCThread "G1 Conc#0" [stack: 0x000070000cd35000,0x000070000ce35000] [id=20227]
  0x00007fd12f035800 ConcurrentGCThread "G1 Refine#0" [stack: 0x000070000ce38000,0x000070000cf38000] [id=19971]
  0x00007fd12f036800 ConcurrentGCThread "G1 Young RemSet Sampling" [stack: 0x000070000cf3b000,0x000070000d03b000] [id=19715]

Threads with active compile tasks:
C2 CompilerThread0  15588 2540       4       java.lang.ref.WeakReference::<init> (6 bytes)

VM state:not at safepoint (normal execution)

VM Mutex/Monitor currently owned by a thread: None

Heap address: 0x0000000780000000, size: 2048 MB, Compressed Oops mode: Zero based, Oop shift amount: 3
Narrow klass base: 0x0000000800000000, Narrow klass shift: 0
Compressed class space size: 1073741824 Address: 0x0000000800000000

Heap:
 garbage-first heap   total 131072K, used 34940K [0x0000000780000000, 0x0000000800000000)
  region size 1024K, 34 young (34816K), 8 survivors (8192K)
 Metaspace       used 28088K, capacity 29203K, committed 29488K, reserved 1075200K
  class space    used 3632K, capacity 4129K, committed 4224K, reserved 1048576K
Heap Regions: E=young(eden), S=young(survivor), O=old, HS=humongous(starts), HC=humongous(continues), CS=collection set, F=free, A=archive, TAMS=top-at-mark-start (previous, next)
|   0|0x0000000780000000, 0x0000000780100000, 0x0000000780100000|100%|HS|  |TAMS 0x0000000780000000, 0x0000000780000000| Complete 
|   1|0x0000000780100000, 0x0000000780200000, 0x0000000780200000|100%|HC|  |TAMS 0x0000000780100000, 0x0000000780100000| Complete 
|   2|0x0000000780200000, 0x0000000780200000, 0x0000000780300000|  0%| F|  |TAMS 0x0000000780200000, 0x0000000780200000| Untracked 
|   3|0x0000000780300000, 0x0000000780300000, 0x0000000780400000|  0%| F|  |TAMS 0x0000000780300000, 0x0000000780300000| Untracked 
|   4|0x0000000780400000, 0x0000000780400000, 0x0000000780500000|  0%| F|  |TAMS 0x0000000780400000, 0x0000000780400000| Untracked 
|   5|0x0000000780500000, 0x0000000780500000, 0x0000000780600000|  0%| F|  |TAMS 0x0000000780500000, 0x0000000780500000| Untracked 
|   6|0x0000000780600000, 0x0000000780600000, 0x0000000780700000|  0%| F|  |TAMS 0x0000000780600000, 0x0000000780600000| Untracked 
|   7|0x0000000780700000, 0x0000000780700000, 0x0000000780800000|  0%| F|  |TAMS 0x0000000780700000, 0x0000000780700000| Untracked 
|   8|0x0000000780800000, 0x0000000780800000, 0x0000000780900000|  0%| F|  |TAMS 0x0000000780800000, 0x0000000780800000| Untracked 
|   9|0x0000000780900000, 0x0000000780900000, 0x0000000780a00000|  0%| F|  |TAMS 0x0000000780900000, 0x0000000780900000| Untracked 
|  10|0x0000000780a00000, 0x0000000780a00000, 0x0000000780b00000|  0%| F|  |TAMS 0x0000000780a00000, 0x0000000780a00000| Untracked 
|  11|0x0000000780b00000, 0x0000000780b00000, 0x0000000780c00000|  0%| F|  |TAMS 0x0000000780b00000, 0x0000000780b00000| Untracked 
|  12|0x0000000780c00000, 0x0000000780c00000, 0x0000000780d00000|  0%| F|  |TAMS 0x0000000780c00000, 0x0000000780c00000| Untracked 
|  13|0x0000000780d00000, 0x0000000780d00000, 0x0000000780e00000|  0%| F|  |TAMS 0x0000000780d00000, 0x0000000780d00000| Untracked 
|  14|0x0000000780e00000, 0x0000000780e00000, 0x0000000780f00000|  0%| F|  |TAMS 0x0000000780e00000, 0x0000000780e00000| Untracked 
|  15|0x0000000780f00000, 0x0000000780f00000, 0x0000000781000000|  0%| F|  |TAMS 0x0000000780f00000, 0x0000000780f00000| Untracked 
|  16|0x0000000781000000, 0x0000000781000000, 0x0000000781100000|  0%| F|  |TAMS 0x0000000781000000, 0x0000000781000000| Untracked 
|  17|0x0000000781100000, 0x0000000781100000, 0x0000000781200000|  0%| F|  |TAMS 0x0000000781100000, 0x0000000781100000| Untracked 
|  18|0x0000000781200000, 0x0000000781200000, 0x0000000781300000|  0%| F|  |TAMS 0x0000000781200000, 0x0000000781200000| Untracked 
|  19|0x0000000781300000, 0x0000000781300000, 0x0000000781400000|  0%| F|  |TAMS 0x0000000781300000, 0x0000000781300000| Untracked 
|  20|0x0000000781400000, 0x0000000781400000, 0x0000000781500000|  0%| F|  |TAMS 0x0000000781400000, 0x0000000781400000| Untracked 
|  21|0x0000000781500000, 0x0000000781500000, 0x0000000781600000|  0%| F|  |TAMS 0x0000000781500000, 0x0000000781500000| Untracked 
|  22|0x0000000781600000, 0x0000000781600000, 0x0000000781700000|  0%| F|  |TAMS 0x0000000781600000, 0x0000000781600000| Untracked 
|  23|0x0000000781700000, 0x0000000781700000, 0x0000000781800000|  0%| F|  |TAMS 0x0000000781700000, 0x0000000781700000| Untracked 
|  24|0x0000000781800000, 0x0000000781800000, 0x0000000781900000|  0%| F|  |TAMS 0x0000000781800000, 0x0000000781800000| Untracked 
|  25|0x0000000781900000, 0x0000000781900000, 0x0000000781a00000|  0%| F|  |TAMS 0x0000000781900000, 0x0000000781900000| Untracked 
|  26|0x0000000781a00000, 0x0000000781a00000, 0x0000000781b00000|  0%| F|  |TAMS 0x0000000781a00000, 0x0000000781a00000| Untracked 
|  27|0x0000000781b00000, 0x0000000781b00000, 0x0000000781c00000|  0%| F|  |TAMS 0x0000000781b00000, 0x0000000781b00000| Untracked 
|  28|0x0000000781c00000, 0x0000000781c00000, 0x0000000781d00000|  0%| F|  |TAMS 0x0000000781c00000, 0x0000000781c00000| Untracked 
|  29|0x0000000781d00000, 0x0000000781d00000, 0x0000000781e00000|  0%| F|  |TAMS 0x0000000781d00000, 0x0000000781d00000| Untracked 
|  30|0x0000000781e00000, 0x0000000781e00000, 0x0000000781f00000|  0%| F|  |TAMS 0x0000000781e00000, 0x0000000781e00000| Untracked 
|  31|0x0000000781f00000, 0x0000000781f00000, 0x0000000782000000|  0%| F|  |TAMS 0x0000000781f00000, 0x0000000781f00000| Untracked 
|  32|0x0000000782000000, 0x0000000782000000, 0x0000000782100000|  0%| F|  |TAMS 0x0000000782000000, 0x0000000782000000| Untracked 
|  33|0x0000000782100000, 0x0000000782100000, 0x0000000782200000|  0%| F|  |TAMS 0x0000000782100000, 0x0000000782100000| Untracked 
|  34|0x0000000782200000, 0x0000000782200000, 0x0000000782300000|  0%| F|  |TAMS 0x0000000782200000, 0x0000000782200000| Untracked 
|  35|0x0000000782300000, 0x0000000782300000, 0x0000000782400000|  0%| F|  |TAMS 0x0000000782300000, 0x0000000782300000| Untracked 
|  36|0x0000000782400000, 0x0000000782400000, 0x0000000782500000|  0%| F|  |TAMS 0x0000000782400000, 0x0000000782400000| Untracked 
|  37|0x0000000782500000, 0x0000000782500000, 0x0000000782600000|  0%| F|  |TAMS 0x0000000782500000, 0x0000000782500000| Untracked 
|  38|0x0000000782600000, 0x0000000782600000, 0x0000000782700000|  0%| F|  |TAMS 0x0000000782600000, 0x0000000782600000| Untracked 
|  39|0x0000000782700000, 0x0000000782700000, 0x0000000782800000|  0%| F|  |TAMS 0x0000000782700000, 0x0000000782700000| Untracked 
|  40|0x0000000782800000, 0x0000000782800000, 0x0000000782900000|  0%| F|  |TAMS 0x0000000782800000, 0x0000000782800000| Untracked 
|  41|0x0000000782900000, 0x0000000782900000, 0x0000000782a00000|  0%| F|  |TAMS 0x0000000782900000, 0x0000000782900000| Untracked 
|  42|0x0000000782a00000, 0x0000000782a00000, 0x0000000782b00000|  0%| F|  |TAMS 0x0000000782a00000, 0x0000000782a00000| Untracked 
|  43|0x0000000782b00000, 0x0000000782b00000, 0x0000000782c00000|  0%| F|  |TAMS 0x0000000782b00000, 0x0000000782b00000| Untracked 
|  44|0x0000000782c00000, 0x0000000782c00000, 0x0000000782d00000|  0%| F|  |TAMS 0x0000000782c00000, 0x0000000782c00000| Untracked 
|  45|0x0000000782d00000, 0x0000000782d00000, 0x0000000782e00000|  0%| F|  |TAMS 0x0000000782d00000, 0x0000000782d00000| Untracked 
|  46|0x0000000782e00000, 0x0000000782e00000, 0x0000000782f00000|  0%| F|  |TAMS 0x0000000782e00000, 0x0000000782e00000| Untracked 
|  47|0x0000000782f00000, 0x0000000782f00000, 0x0000000783000000|  0%| F|  |TAMS 0x0000000782f00000, 0x0000000782f00000| Untracked 
|  48|0x0000000783000000, 0x0000000783000000, 0x0000000783100000|  0%| F|  |TAMS 0x0000000783000000, 0x0000000783000000| Untracked 
|  49|0x0000000783100000, 0x0000000783100000, 0x0000000783200000|  0%| F|  |TAMS 0x0000000783100000, 0x0000000783100000| Untracked 
|  50|0x0000000783200000, 0x0000000783200000, 0x0000000783300000|  0%| F|  |TAMS 0x0000000783200000, 0x0000000783200000| Untracked 
|  51|0x0000000783300000, 0x0000000783300000, 0x0000000783400000|  0%| F|  |TAMS 0x0000000783300000, 0x0000000783300000| Untracked 
|  52|0x0000000783400000, 0x0000000783400000, 0x0000000783500000|  0%| F|  |TAMS 0x0000000783400000, 0x0000000783400000| Untracked 
|  53|0x0000000783500000, 0x0000000783500000, 0x0000000783600000|  0%| F|  |TAMS 0x0000000783500000, 0x0000000783500000| Untracked 
|  54|0x0000000783600000, 0x0000000783600000, 0x0000000783700000|  0%| F|  |TAMS 0x0000000783600000, 0x0000000783600000| Untracked 
|  55|0x0000000783700000, 0x0000000783700000, 0x0000000783800000|  0%| F|  |TAMS 0x0000000783700000, 0x0000000783700000| Untracked 
|  56|0x0000000783800000, 0x0000000783800000, 0x0000000783900000|  0%| F|  |TAMS 0x0000000783800000, 0x0000000783800000| Untracked 
|  57|0x0000000783900000, 0x0000000783900000, 0x0000000783a00000|  0%| F|  |TAMS 0x0000000783900000, 0x0000000783900000| Untracked 
|  58|0x0000000783a00000, 0x0000000783a00000, 0x0000000783b00000|  0%| F|  |TAMS 0x0000000783a00000, 0x0000000783a00000| Untracked 
|  59|0x0000000783b00000, 0x0000000783b00000, 0x0000000783c00000|  0%| F|  |TAMS 0x0000000783b00000, 0x0000000783b00000| Untracked 
|  60|0x0000000783c00000, 0x0000000783c00000, 0x0000000783d00000|  0%| F|  |TAMS 0x0000000783c00000, 0x0000000783c00000| Untracked 
|  61|0x0000000783d00000, 0x0000000783d00000, 0x0000000783e00000|  0%| F|  |TAMS 0x0000000783d00000, 0x0000000783d00000| Untracked 
|  62|0x0000000783e00000, 0x0000000783e00000, 0x0000000783f00000|  0%| F|  |TAMS 0x0000000783e00000, 0x0000000783e00000| Untracked 
|  63|0x0000000783f00000, 0x0000000783f00000, 0x0000000784000000|  0%| F|  |TAMS 0x0000000783f00000, 0x0000000783f00000| Untracked 
|  64|0x0000000784000000, 0x0000000784000000, 0x0000000784100000|  0%| F|  |TAMS 0x0000000784000000, 0x0000000784000000| Untracked 
|  65|0x0000000784100000, 0x0000000784100000, 0x0000000784200000|  0%| F|  |TAMS 0x0000000784100000, 0x0000000784100000| Untracked 
|  66|0x0000000784200000, 0x0000000784200000, 0x0000000784300000|  0%| F|  |TAMS 0x0000000784200000, 0x0000000784200000| Untracked 
|  67|0x0000000784300000, 0x0000000784300000, 0x0000000784400000|  0%| F|  |TAMS 0x0000000784300000, 0x0000000784300000| Untracked 
|  68|0x0000000784400000, 0x0000000784400000, 0x0000000784500000|  0%| F|  |TAMS 0x0000000784400000, 0x0000000784400000| Untracked 
|  69|0x0000000784500000, 0x0000000784500000, 0x0000000784600000|  0%| F|  |TAMS 0x0000000784500000, 0x0000000784500000| Untracked 
|  70|0x0000000784600000, 0x0000000784600000, 0x0000000784700000|  0%| F|  |TAMS 0x0000000784600000, 0x0000000784600000| Untracked 
|  71|0x0000000784700000, 0x0000000784700000, 0x0000000784800000|  0%| F|  |TAMS 0x0000000784700000, 0x0000000784700000| Untracked 
|  72|0x0000000784800000, 0x0000000784800000, 0x0000000784900000|  0%| F|  |TAMS 0x0000000784800000, 0x0000000784800000| Untracked 
|  73|0x0000000784900000, 0x0000000784900000, 0x0000000784a00000|  0%| F|  |TAMS 0x0000000784900000, 0x0000000784900000| Untracked 
|  74|0x0000000784a00000, 0x0000000784a00000, 0x0000000784b00000|  0%| F|  |TAMS 0x0000000784a00000, 0x0000000784a00000| Untracked 
|  75|0x0000000784b00000, 0x0000000784b00000, 0x0000000784c00000|  0%| F|  |TAMS 0x0000000784b00000, 0x0000000784b00000| Untracked 
|  76|0x0000000784c00000, 0x0000000784c00000, 0x0000000784d00000|  0%| F|  |TAMS 0x0000000784c00000, 0x0000000784c00000| Untracked 
|  77|0x0000000784d00000, 0x0000000784d00000, 0x0000000784e00000|  0%| F|  |TAMS 0x0000000784d00000, 0x0000000784d00000| Untracked 
|  78|0x0000000784e00000, 0x0000000784e00000, 0x0000000784f00000|  0%| F|  |TAMS 0x0000000784e00000, 0x0000000784e00000| Untracked 
|  79|0x0000000784f00000, 0x0000000784f00000, 0x0000000785000000|  0%| F|  |TAMS 0x0000000784f00000, 0x0000000784f00000| Untracked 
|  80|0x0000000785000000, 0x0000000785000000, 0x0000000785100000|  0%| F|  |TAMS 0x0000000785000000, 0x0000000785000000| Untracked 
|  81|0x0000000785100000, 0x0000000785100000, 0x0000000785200000|  0%| F|  |TAMS 0x0000000785100000, 0x0000000785100000| Untracked 
|  82|0x0000000785200000, 0x000000078521f270, 0x0000000785300000| 12%| S|CS|TAMS 0x0000000785200000, 0x0000000785200000| Complete 
|  83|0x0000000785300000, 0x0000000785400000, 0x0000000785400000|100%| S|CS|TAMS 0x0000000785300000, 0x0000000785300000| Complete 
|  84|0x0000000785400000, 0x0000000785500000, 0x0000000785500000|100%| S|CS|TAMS 0x0000000785400000, 0x0000000785400000| Complete 
|  85|0x0000000785500000, 0x0000000785600000, 0x0000000785600000|100%| S|CS|TAMS 0x0000000785500000, 0x0000000785500000| Complete 
|  86|0x0000000785600000, 0x0000000785700000, 0x0000000785700000|100%| S|CS|TAMS 0x0000000785600000, 0x0000000785600000| Complete 
|  87|0x0000000785700000, 0x0000000785800000, 0x0000000785800000|100%| S|CS|TAMS 0x0000000785700000, 0x0000000785700000| Complete 
|  88|0x0000000785800000, 0x0000000785900000, 0x0000000785900000|100%| S|CS|TAMS 0x0000000785800000, 0x0000000785800000| Complete 
|  89|0x0000000785900000, 0x0000000785a00000, 0x0000000785a00000|100%| S|CS|TAMS 0x0000000785900000, 0x0000000785900000| Complete 
|  90|0x0000000785a00000, 0x0000000785a00000, 0x0000000785b00000|  0%| F|  |TAMS 0x0000000785a00000, 0x0000000785a00000| Untracked 
|  91|0x0000000785b00000, 0x0000000785b00000, 0x0000000785c00000|  0%| F|  |TAMS 0x0000000785b00000, 0x0000000785b00000| Untracked 
|  92|0x0000000785c00000, 0x0000000785c00000, 0x0000000785d00000|  0%| F|  |TAMS 0x0000000785c00000, 0x0000000785c00000| Untracked 
|  93|0x0000000785d00000, 0x0000000785d00000, 0x0000000785e00000|  0%| F|  |TAMS 0x0000000785d00000, 0x0000000785d00000| Untracked 
|  94|0x0000000785e00000, 0x0000000785e00000, 0x0000000785f00000|  0%| F|  |TAMS 0x0000000785e00000, 0x0000000785e00000| Untracked 
|  95|0x0000000785f00000, 0x0000000785f00000, 0x0000000786000000|  0%| F|  |TAMS 0x0000000785f00000, 0x0000000785f00000| Untracked 
|  96|0x0000000786000000, 0x0000000786000000, 0x0000000786100000|  0%| F|  |TAMS 0x0000000786000000, 0x0000000786000000| Untracked 
|  97|0x0000000786100000, 0x0000000786100000, 0x0000000786200000|  0%| F|  |TAMS 0x0000000786100000, 0x0000000786100000| Untracked 
|  98|0x0000000786200000, 0x0000000786200000, 0x0000000786300000|  0%| F|  |TAMS 0x0000000786200000, 0x0000000786200000| Untracked 
|  99|0x0000000786300000, 0x0000000786300000, 0x0000000786400000|  0%| F|  |TAMS 0x0000000786300000, 0x0000000786300000| Untracked 
| 100|0x0000000786400000, 0x0000000786400000, 0x0000000786500000|  0%| F|  |TAMS 0x0000000786400000, 0x0000000786400000| Untracked 
| 101|0x0000000786500000, 0x0000000786500000, 0x0000000786600000|  0%| F|  |TAMS 0x0000000786500000, 0x0000000786500000| Untracked 
| 102|0x0000000786600000, 0x0000000786618548, 0x0000000786700000|  9%| E|  |TAMS 0x0000000786600000, 0x0000000786600000| Complete 
| 103|0x0000000786700000, 0x0000000786800000, 0x0000000786800000|100%| E|CS|TAMS 0x0000000786700000, 0x0000000786700000| Complete 
| 104|0x0000000786800000, 0x0000000786900000, 0x0000000786900000|100%| E|CS|TAMS 0x0000000786800000, 0x0000000786800000| Complete 
| 105|0x0000000786900000, 0x0000000786a00000, 0x0000000786a00000|100%| E|CS|TAMS 0x0000000786900000, 0x0000000786900000| Complete 
| 106|0x0000000786a00000, 0x0000000786b00000, 0x0000000786b00000|100%| E|CS|TAMS 0x0000000786a00000, 0x0000000786a00000| Complete 
| 107|0x0000000786b00000, 0x0000000786c00000, 0x0000000786c00000|100%| E|CS|TAMS 0x0000000786b00000, 0x0000000786b00000| Complete 
| 108|0x0000000786c00000, 0x0000000786d00000, 0x0000000786d00000|100%| E|CS|TAMS 0x0000000786c00000, 0x0000000786c00000| Complete 
| 109|0x0000000786d00000, 0x0000000786e00000, 0x0000000786e00000|100%| E|CS|TAMS 0x0000000786d00000, 0x0000000786d00000| Complete 
| 110|0x0000000786e00000, 0x0000000786f00000, 0x0000000786f00000|100%| E|CS|TAMS 0x0000000786e00000, 0x0000000786e00000| Complete 
| 111|0x0000000786f00000, 0x0000000787000000, 0x0000000787000000|100%| E|CS|TAMS 0x0000000786f00000, 0x0000000786f00000| Complete 
| 112|0x0000000787000000, 0x0000000787100000, 0x0000000787100000|100%| E|CS|TAMS 0x0000000787000000, 0x0000000787000000| Complete 
| 113|0x0000000787100000, 0x0000000787200000, 0x0000000787200000|100%| E|CS|TAMS 0x0000000787100000, 0x0000000787100000| Complete 
| 114|0x0000000787200000, 0x0000000787300000, 0x0000000787300000|100%| E|CS|TAMS 0x0000000787200000, 0x0000000787200000| Complete 
| 115|0x0000000787300000, 0x0000000787400000, 0x0000000787400000|100%| E|CS|TAMS 0x0000000787300000, 0x0000000787300000| Complete 
| 116|0x0000000787400000, 0x0000000787500000, 0x0000000787500000|100%| E|CS|TAMS 0x0000000787400000, 0x0000000787400000| Complete 
| 117|0x0000000787500000, 0x0000000787600000, 0x0000000787600000|100%| E|CS|TAMS 0x0000000787500000, 0x0000000787500000| Complete 
| 118|0x0000000787600000, 0x0000000787700000, 0x0000000787700000|100%| E|CS|TAMS 0x0000000787600000, 0x0000000787600000| Complete 
| 119|0x0000000787700000, 0x0000000787800000, 0x0000000787800000|100%| E|CS|TAMS 0x0000000787700000, 0x0000000787700000| Complete 
| 120|0x0000000787800000, 0x0000000787900000, 0x0000000787900000|100%| E|CS|TAMS 0x0000000787800000, 0x0000000787800000| Complete 
| 121|0x0000000787900000, 0x0000000787a00000, 0x0000000787a00000|100%| E|CS|TAMS 0x0000000787900000, 0x0000000787900000| Complete 
| 122|0x0000000787a00000, 0x0000000787b00000, 0x0000000787b00000|100%| E|CS|TAMS 0x0000000787a00000, 0x0000000787a00000| Complete 
| 123|0x0000000787b00000, 0x0000000787c00000, 0x0000000787c00000|100%| E|CS|TAMS 0x0000000787b00000, 0x0000000787b00000| Complete 
| 124|0x0000000787c00000, 0x0000000787d00000, 0x0000000787d00000|100%| E|CS|TAMS 0x0000000787c00000, 0x0000000787c00000| Complete 
| 125|0x0000000787d00000, 0x0000000787e00000, 0x0000000787e00000|100%| E|CS|TAMS 0x0000000787d00000, 0x0000000787d00000| Complete 
| 126|0x0000000787e00000, 0x0000000787f00000, 0x0000000787f00000|100%| E|CS|TAMS 0x0000000787e00000, 0x0000000787e00000| Complete 
| 127|0x0000000787f00000, 0x0000000788000000, 0x0000000788000000|100%| E|CS|TAMS 0x0000000787f00000, 0x0000000787f00000| Complete 

Card table byte_map: [0x000000011399b000,0x0000000113d9b000] _byte_map_base: 0x000000010fd9b000

Marking Bits (Prev, Next): (CMBitMap*) 0x00007fd12e032e50, (CMBitMap*) 0x00007fd12e032e18
 Prev Bits: [0x000000011619b000, 0x000000011819b000)
 Next Bits: [0x000000011419b000, 0x000000011619b000)

Polling page: 0x00000001099a3000

Metaspace:

Usage:
  Non-class:     24.49 MB capacity,    23.88 MB ( 98%) used,   482.08 KB (  2%) free+waste,   135.56 KB ( <1%) overhead. 
      Class:      4.03 MB capacity,     3.55 MB ( 88%) used,   427.73 KB ( 10%) free+waste,    68.75 KB (  2%) overhead. 
       Both:     28.52 MB capacity,    27.43 MB ( 96%) used,   909.81 KB (  3%) free+waste,   204.31 KB ( <1%) overhead. 

Virtual space:
  Non-class space:       26.00 MB reserved,      24.67 MB ( 95%) committed 
      Class space:        1.00 GB reserved,       4.12 MB ( <1%) committed 
             Both:        1.03 GB reserved,      28.80 MB (  3%) committed 

Chunk freelists:
   Non-Class:  12.25 KB
       Class:  0 bytes
        Both:  12.25 KB

CodeHeap 'non-profiled nmethods': size=120032Kb used=879Kb max_used=879Kb free=119152Kb
 bounds [0x000000011fe7c000, 0x00000001200ec000, 0x00000001273b4000]
CodeHeap 'profiled nmethods': size=120032Kb used=4852Kb max_used=4852Kb free=115179Kb
 bounds [0x0000000118944000, 0x0000000118e04000, 0x000000011fe7c000]
CodeHeap 'non-nmethods': size=5696Kb used=1364Kb max_used=1378Kb free=4331Kb
 bounds [0x00000001183b4000, 0x0000000118624000, 0x0000000118944000]
 total_blobs=3348 nmethods=2535 adapters=725
 compilation: enabled
              stopped_count=0, restarted_count=0
 full_count=0

Compilation events (10 events):
Event: 15.567 Thread 0x00007fd12f051800 nmethod 2534% 0x0000000118dfb390 code [0x0000000118dfb540, 0x0000000118dfb850]
Event: 15.567 Thread 0x00007fd12f051800 2535       3       sun.awt.image.ByteInterleavedRaster::putByteData (834 bytes)
Event: 15.569 Thread 0x00007fd12f051800 nmethod 2535 0x0000000118dfba10 code [0x0000000118dfbd40, 0x0000000118dfd4a8]
Event: 15.569 Thread 0x00007fd12f051800 2536       3       sun.awt.image.ByteInterleavedRaster::getByteData (851 bytes)
Event: 15.570 Thread 0x00007fd12f051800 nmethod 2536 0x0000000118dfe090 code [0x0000000118dfe3a0, 0x0000000118dffda8]
Event: 15.571 Thread 0x00007fd12f051800 2537       3       sun.awt.image.ByteInterleavedRaster::getDataElements (15 bytes)
Event: 15.571 Thread 0x00007fd12f051000 2539 %     4       sun.awt.image.ByteInterleavedRaster::putByteData @ 627 (834 bytes)
Event: 15.571 Thread 0x00007fd12f051800 nmethod 2537 0x0000000118e00910 code [0x0000000118e00ac0, 0x0000000118e00d48]
Event: 15.571 Thread 0x00007fd12f051800 2538       3       sun.awt.image.ByteInterleavedRaster::setDataElements (15 bytes)
Event: 15.571 Thread 0x00007fd12f051800 nmethod 2538 0x0000000118e00e10 code [0x0000000118e00fc0, 0x0000000118e01268]

GC Heap History (4 events):
Event: 0.824 GC heap before
{Heap before GC invocations=0 (full 0):
 garbage-first heap   total 131072K, used 14336K [0x0000000780000000, 0x0000000800000000)
  region size 1024K, 14 young (14336K), 0 survivors (0K)
 Metaspace       used 8828K, capacity 9085K, committed 9216K, reserved 1056768K
  class space    used 878K, capacity 972K, committed 1024K, reserved 1048576K
}
Event: 0.828 GC heap after
{Heap after GC invocations=1 (full 0):
 garbage-first heap   total 131072K, used 1769K [0x0000000780000000, 0x0000000800000000)
  region size 1024K, 2 young (2048K), 2 survivors (2048K)
 Metaspace       used 8828K, capacity 9085K, committed 9216K, reserved 1056768K
  class space    used 878K, capacity 972K, committed 1024K, reserved 1048576K
}
Event: 2.594 GC heap before
{Heap before GC invocations=1 (full 0):
 garbage-first heap   total 131072K, used 37609K [0x0000000780000000, 0x0000000800000000)
  region size 1024K, 38 young (38912K), 2 survivors (2048K)
 Metaspace       used 20440K, capacity 21101K, committed 21296K, reserved 1067008K
  class space    used 2546K, capacity 2844K, committed 2944K, reserved 1048576K
}
Event: 2.607 GC heap after
{Heap after GC invocations=2 (full 0):
 garbage-first heap   total 131072K, used 7292K [0x0000000780000000, 0x0000000800000000)
  region size 1024K, 8 young (8192K), 8 survivors (8192K)
 Metaspace       used 20440K, capacity 21101K, committed 21296K, reserved 1067008K
  class space    used 2546K, capacity 2844K, committed 2944K, reserved 1048576K
}

Deoptimization events (10 events):
Event: 15.251 Thread 0x00007fd12e184000 Uncommon trap: reason=class_check action=maybe_recompile pc=0x000000011ff3efd4 method=java.util.HashMap.putVal(ILjava/lang/Object;Ljava/lang/Object;ZZ)Ljava/lang/Object; @ 253 c2
Event: 15.251 Thread 0x00007fd12e184000 Uncommon trap: reason=unstable_if action=reinterpret pc=0x000000011fe8c4a4 method=java.lang.StringLatin1.lastIndexOf([BI[BII)I @ 86 c2
Event: 15.500 Thread 0x00007fd12e184000 Uncommon trap: reason=bimorphic_or_optimized_type_check action=maybe_recompile pc=0x000000011ff489c0 method=java.util.HashMap.putVal(ILjava/lang/Object;Ljava/lang/Object;ZZ)Ljava/lang/Object; @ 203 c2
Event: 15.500 Thread 0x00007fd12e184000 Uncommon trap: reason=bimorphic_or_optimized_type_check action=maybe_recompile pc=0x000000011ff489c0 method=java.util.HashMap.putVal(ILjava/lang/Object;Ljava/lang/Object;ZZ)Ljava/lang/Object; @ 203 c2
Event: 15.500 Thread 0x00007fd12e184000 Uncommon trap: reason=bimorphic_or_optimized_type_check action=maybe_recompile pc=0x000000011ff489c0 method=java.util.HashMap.putVal(ILjava/lang/Object;Ljava/lang/Object;ZZ)Ljava/lang/Object; @ 203 c2
Event: 15.504 Thread 0x00007fd12e184000 Uncommon trap: reason=bimorphic_or_optimized_type_check action=maybe_recompile pc=0x000000011ff489c0 method=java.util.HashMap.putVal(ILjava/lang/Object;Ljava/lang/Object;ZZ)Ljava/lang/Object; @ 203 c2
Event: 15.556 Thread 0x00007fd12e184000 Uncommon trap: reason=class_check action=maybe_recompile pc=0x000000011fef56c0 method=java.util.zip.InflaterInputStream.read([BII)I @ 100 c2
Event: 15.557 Thread 0x00007fd12e184000 Uncommon trap: reason=class_check action=maybe_recompile pc=0x000000011fef56c0 method=java.util.zip.InflaterInputStream.read([BII)I @ 100 c2
Event: 15.558 Thread 0x00007fd12e184000 Uncommon trap: reason=class_check action=maybe_recompile pc=0x000000011fef56c0 method=java.util.zip.InflaterInputStream.read([BII)I @ 100 c2
Event: 15.558 Thread 0x00007fd12e184000 Uncommon trap: reason=class_check action=maybe_recompile pc=0x000000011fef56c0 method=java.util.zip.InflaterInputStream.read([BII)I @ 100 c2

Classes redefined (0 events):
No events

Internal exceptions (10 events):
Event: 4.013 Thread 0x00007fd12e184000 Implicit null exception at 0x000000011ff19ca4 to 0x000000011ff1a7da
Event: 14.879 Thread 0x00007fd12e184000 Exception <a 'java/lang/NoClassDefFoundError'{0x0000000786ce8d70}: org/slf4j/impl/StaticLoggerBinder> (0x0000000786ce8d70) thrown at [./open/src/hotspot/share/classfile/systemDictionary.cpp, line 217]
Event: 14.894 Thread 0x00007fd12e184000 Exception <a 'java/lang/ClassNotFoundException'{0x0000000786b173c8}: sun/awt/resources/spi/awtProvider> (0x0000000786b173c8) thrown at [./open/src/hotspot/share/classfile/systemDictionary.cpp, line 228]
Event: 14.912 Thread 0x00007fd12e184000 Exception <a 'java/io/FileNotFoundException'{0x0000000786b572c0}> (0x0000000786b572c0) thrown at [./open/src/hotspot/share/prims/jni.cpp, line 611]
Event: 14.913 Thread 0x00007fd12e184000 Exception <a 'java/io/FileNotFoundException'{0x0000000786b5b358}> (0x0000000786b5b358) thrown at [./open/src/hotspot/share/prims/jni.cpp, line 611]
Event: 15.254 Thread 0x00007fd12e184000 Exception <a 'java/lang/UnsatisfiedLinkError'{0x000000078681ad40}: dlopen(libtesseract.dylib, 9): image not found> (0x000000078681ad40) thrown at [./open/src/hotspot/share/prims/jni.cpp, line 632]
Event: 15.255 Thread 0x00007fd12e184000 Exception <a 'java/lang/UnsatisfiedLinkError'{0x000000078681c370}: dlopen(libtesseract.dylib, 9): image not found> (0x000000078681c370) thrown at [./open/src/hotspot/share/prims/jni.cpp, line 632]
Event: 15.255 Thread 0x00007fd12e184000 Exception <a 'java/lang/UnsatisfiedLinkError'{0x000000078681d7d8}: dlopen(/Users/michaelsheinman/Library/Frameworks/tesseract.framework/tesseract, 9): image not found> (0x000000078681d7d8) thrown at [./open/src/hotspot/share/prims/jni.cpp, line 632]
Event: 15.256 Thread 0x00007fd12e184000 Exception <a 'java/lang/UnsatisfiedLinkError'{0x000000078681e3d0}: dlopen(/Library/Frameworks/tesseract.framework/tesseract, 9): image not found> (0x000000078681e3d0) thrown at [./open/src/hotspot/share/prims/jni.cpp, line 632]
Event: 15.256 Thread 0x00007fd12e184000 Exception <a 'java/lang/UnsatisfiedLinkError'{0x000000078681efc0}: dlopen(/System/Library/Frameworks/tesseract.framework/tesseract, 9): image not found> (0x000000078681efc0) thrown at [./open/src/hotspot/share/prims/jni.cpp, line 632]

Events (10 events):
Event: 15.558 Thread 0x00007fd12e184000 Uncommon trap: trap_request=0xffffffde fr.pc=0x000000011fef56c0 relative=0x0000000000000960
Event: 15.558 Thread 0x00007fd12e184000 DEOPT PACKING pc=0x000000011fef56c0 sp=0x00007ffee62d1940
Event: 15.558 Thread 0x00007fd12e184000 DEOPT UNPACKING pc=0x00000001183dc9a5 sp=0x00007ffee62d1920 mode 2
Event: 15.558 Thread 0x00007fd12e184000 Uncommon trap: trap_request=0xffffffde fr.pc=0x000000011fef56c0 relative=0x0000000000000960
Event: 15.558 Thread 0x00007fd12e184000 DEOPT PACKING pc=0x000000011fef56c0 sp=0x00007ffee62d1940
Event: 15.558 Thread 0x00007fd12e184000 DEOPT UNPACKING pc=0x00000001183dc9a5 sp=0x00007ffee62d1920 mode 2
Event: 15.567 loading class javax/imageio/IIOImage
Event: 15.567 loading class javax/imageio/IIOImage done
Event: 15.571 loading class com/sun/jna/Native$Buffers
Event: 15.571 loading class com/sun/jna/Native$Buffers done


Dynamic libraries:
0x00007fff2c2a1000 	/System/Library/Frameworks/Cocoa.framework/Versions/A/Cocoa
0x00007fff39aab000 	/System/Library/Frameworks/Security.framework/Versions/A/Security
0x00007fff2b207000 	/System/Library/Frameworks/ApplicationServices.framework/Versions/A/ApplicationServices
0x00007fff66788000 	/usr/lib/libz.1.dylib
0x0000000109938000 	/Library/Java/JavaVirtualMachines/jdk-11.0.8.jdk/Contents/Home/lib/jli/libjli.dylib
0x00007fff6424c000 	/usr/lib/libSystem.B.dylib
0x00007fff2a3f7000 	/System/Library/Frameworks/AppKit.framework/Versions/C/AppKit
0x00007fff2cc25000 	/System/Library/Frameworks/CoreData.framework/Versions/A/CoreData
0x00007fff2f801000 	/System/Library/Frameworks/Foundation.framework/Versions/C/Foundation
0x00007fff5e247000 	/System/Library/PrivateFrameworks/UIFoundation.framework/Versions/A/UIFoundation
0x00007fff592db000 	/System/Library/PrivateFrameworks/RemoteViewServices.framework/Versions/A/RemoteViewServices
0x00007fff60dbc000 	/System/Library/PrivateFrameworks/XCTTargetBootstrap.framework/Versions/A/XCTTargetBootstrap
0x00007fff2d010000 	/System/Library/Frameworks/CoreDisplay.framework/Versions/A/CoreDisplay
0x00007fff326bb000 	/System/Library/Frameworks/Metal.framework/Versions/A/Metal
0x00007fff472c3000 	/System/Library/PrivateFrameworks/DesktopServicesPriv.framework/Versions/A/DesktopServicesPriv
0x00007fff65387000 	/usr/lib/liblangid.dylib
0x00007fff46558000 	/System/Library/PrivateFrameworks/CoreSVG.framework/Versions/A/CoreSVG
0x00007fff5c437000 	/System/Library/PrivateFrameworks/SkyLight.framework/Versions/A/SkyLight
0x00007fff2d5c5000 	/System/Library/Frameworks/CoreGraphics.framework/Versions/A/CoreGraphics
0x00007fff28dcb000 	/System/Library/Frameworks/Accelerate.framework/Versions/A/Accelerate
0x00007fff66679000 	/usr/lib/libxml2.2.dylib
0x00007fff52265000 	/System/Library/PrivateFrameworks/IconServices.framework/Versions/A/IconServices
0x00007fff2ffe0000 	/System/Library/Frameworks/IOSurface.framework/Versions/A/IOSurface
0x00007fff63d76000 	/usr/lib/libDiagnosticMessagesClient.dylib
0x00007fff4711d000 	/System/Library/PrivateFrameworks/DFRFoundation.framework/Versions/A/DFRFoundation
0x00007fff65116000 	/usr/lib/libicucore.A.dylib
0x00007fff2b539000 	/System/Library/Frameworks/AudioToolbox.framework/Versions/A/AudioToolbox
0x00007fff2b61c000 	/System/Library/Frameworks/AudioUnit.framework/Versions/A/AudioUnit
0x00007fff6444e000 	/usr/lib/libauto.dylib
0x00007fff471bf000 	/System/Library/PrivateFrameworks/DataDetectorsCore.framework/Versions/A/DataDetectorsCore
0x00007fff2bdc2000 	/System/Library/Frameworks/Carbon.framework/Versions/A/Frameworks/HIToolbox.framework/Versions/A/HIToolbox
0x00007fff38ca5000 	/System/Library/Frameworks/QuartzCore.framework/Versions/A/QuartzCore
0x00007fff2c101000 	/System/Library/Frameworks/Carbon.framework/Versions/A/Frameworks/SpeechRecognition.framework/Versions/A/SpeechRecognition
0x00007fff46c31000 	/System/Library/PrivateFrameworks/CoreUI.framework/Versions/A/CoreUI
0x00007fff2c690000 	/System/Library/Frameworks/CoreAudio.framework/Versions/A/CoreAudio
0x00007fff2f4c0000 	/System/Library/Frameworks/DiskArbitration.framework/Versions/A/DiskArbitration
0x00007fff542b5000 	/System/Library/PrivateFrameworks/MultitouchSupport.framework/Versions/A/MultitouchSupport
0x00007fff64fdd000 	/usr/lib/libenergytrace.dylib
0x00007fff2ff3a000 	/System/Library/Frameworks/IOKit.framework/Versions/A/IOKit
0x00007fff2e52c000 	/System/Library/Frameworks/CoreServices.framework/Versions/A/CoreServices
0x00007fff5646e000 	/System/Library/PrivateFrameworks/PerformanceAnalysis.framework/Versions/A/PerformanceAnalysis
0x00007fff37cd8000 	/System/Library/Frameworks/OpenGL.framework/Versions/A/OpenGL
0x00007fff660ac000 	/usr/lib/libobjc.A.dylib
0x00007fff2c2af000 	/System/Library/Frameworks/ColorSync.framework/Versions/A/ColorSync
0x00007fff2d143000 	/System/Library/Frameworks/CoreFoundation.framework/Versions/A/CoreFoundation
0x00007fff2dc48000 	/System/Library/Frameworks/CoreImage.framework/Versions/A/CoreImage
0x00007fff2ef9f000 	/System/Library/Frameworks/CoreText.framework/Versions/A/CoreText
0x00007fff30070000 	/System/Library/Frameworks/ImageIO.framework/Versions/A/ImageIO
0x00007fff64532000 	/usr/lib/libc++.1.dylib
0x00007fff645ae000 	/usr/lib/libcompression.dylib
0x00007fff640ba000 	/usr/lib/libMobileGestalt.dylib
0x00007fff5dfb1000 	/System/Library/PrivateFrameworks/TextureIO.framework/Versions/A/TextureIO
0x00007fff643b1000 	/usr/lib/libate.dylib
0x00007fff5246e000 	/System/Library/PrivateFrameworks/InternationalSupport.framework/Versions/A/InternationalSupport
0x00007fff67049000 	/usr/lib/system/libcache.dylib
0x00007fff6704f000 	/usr/lib/system/libcommonCrypto.dylib
0x00007fff6705b000 	/usr/lib/system/libcompiler_rt.dylib
0x00007fff67063000 	/usr/lib/system/libcopyfile.dylib
0x00007fff6706d000 	/usr/lib/system/libcorecrypto.dylib
0x00007fff6720c000 	/usr/lib/system/libdispatch.dylib
0x00007fff6724d000 	/usr/lib/system/libdyld.dylib
0x00007fff67284000 	/usr/lib/system/libkeymgr.dylib
0x00007fff67292000 	/usr/lib/system/liblaunch.dylib
0x00007fff67293000 	/usr/lib/system/libmacho.dylib
0x00007fff67299000 	/usr/lib/system/libquarantine.dylib
0x00007fff6729c000 	/usr/lib/system/libremovefile.dylib
0x00007fff6729e000 	/usr/lib/system/libsystem_asl.dylib
0x00007fff672b6000 	/usr/lib/system/libsystem_blocks.dylib
0x00007fff672b7000 	/usr/lib/system/libsystem_c.dylib
0x00007fff6733f000 	/usr/lib/system/libsystem_configuration.dylib
0x00007fff67343000 	/usr/lib/system/libsystem_coreservices.dylib
0x00007fff67347000 	/usr/lib/system/libsystem_darwin.dylib
0x00007fff67350000 	/usr/lib/system/libsystem_dnssd.dylib
0x00007fff67358000 	/usr/lib/system/libsystem_featureflags.dylib
0x00007fff6735a000 	/usr/lib/system/libsystem_info.dylib
0x00007fff673d5000 	/usr/lib/system/libsystem_m.dylib
0x00007fff6741d000 	/usr/lib/system/libsystem_malloc.dylib
0x00007fff67445000 	/usr/lib/system/libsystem_networkextension.dylib
0x00007fff67453000 	/usr/lib/system/libsystem_notify.dylib
0x00007fff67471000 	/usr/lib/system/libsystem_sandbox.dylib
0x00007fff67476000 	/usr/lib/system/libsystem_secinit.dylib
0x00007fff673a8000 	/usr/lib/system/libsystem_kernel.dylib
0x00007fff6745d000 	/usr/lib/system/libsystem_platform.dylib
0x00007fff67466000 	/usr/lib/system/libsystem_pthread.dylib
0x00007fff67479000 	/usr/lib/system/libsystem_symptoms.dylib
0x00007fff67481000 	/usr/lib/system/libsystem_trace.dylib
0x00007fff67499000 	/usr/lib/system/libunwind.dylib
0x00007fff6749f000 	/usr/lib/system/libxpc.dylib
0x00007fff64585000 	/usr/lib/libc++abi.dylib
0x00007fff65389000 	/usr/lib/liblzma.5.dylib
0x00007fff65004000 	/usr/lib/libfakelink.dylib
0x00007fff6433e000 	/usr/lib/libarchive.2.dylib
0x00007fff3ab5c000 	/System/Library/Frameworks/SystemConfiguration.framework/Versions/A/SystemConfiguration
0x00007fff63ca9000 	/usr/lib/libCRFSuite.dylib
0x00007fff2b9b3000 	/System/Library/Frameworks/CFNetwork.framework/Versions/A/CFNetwork
0x00007fff64514000 	/usr/lib/libbsm.0.dylib
0x00007fff67285000 	/usr/lib/system/libkxld.dylib
0x00007fff40a99000 	/System/Library/PrivateFrameworks/AppleFSCompression.framework/Versions/A/AppleFSCompression
0x00007fff6489f000 	/usr/lib/libcoretls.dylib
0x00007fff648b6000 	/usr/lib/libcoretls_cfhelpers.dylib
0x00007fff660f2000 	/usr/lib/libpam.2.dylib
0x00007fff66227000 	/usr/lib/libsqlite3.dylib
0x00007fff66666000 	/usr/lib/libxar.1.dylib
0x00007fff64525000 	/usr/lib/libbz2.1.0.dylib
0x00007fff65025000 	/usr/lib/libiconv.2.dylib
0x00007fff6459b000 	/usr/lib/libcharset.1.dylib
0x00007fff65b8f000 	/usr/lib/libnetwork.dylib
0x00007fff660f9000 	/usr/lib/libpcap.A.dylib
0x00007fff642f3000 	/usr/lib/libapple_nghttp2.dylib
0x00007fff2e8e3000 	/System/Library/Frameworks/CoreServices.framework/Versions/A/Frameworks/FSEvents.framework/Versions/A/FSEvents
0x00007fff2e5b3000 	/System/Library/Frameworks/CoreServices.framework/Versions/A/Frameworks/CarbonCore.framework/Versions/A/CarbonCore
0x00007fff2eb27000 	/System/Library/Frameworks/CoreServices.framework/Versions/A/Frameworks/Metadata.framework/Versions/A/Metadata
0x00007fff2ebc0000 	/System/Library/Frameworks/CoreServices.framework/Versions/A/Frameworks/OSServices.framework/Versions/A/OSServices
0x00007fff2ebee000 	/System/Library/Frameworks/CoreServices.framework/Versions/A/Frameworks/SearchKit.framework/Versions/A/SearchKit
0x00007fff2e52d000 	/System/Library/Frameworks/CoreServices.framework/Versions/A/Frameworks/AE.framework/Versions/A/AE
0x00007fff2e8ec000 	/System/Library/Frameworks/CoreServices.framework/Versions/A/Frameworks/LaunchServices.framework/Versions/A/LaunchServices
0x00007fff2e895000 	/System/Library/Frameworks/CoreServices.framework/Versions/A/Frameworks/DictionaryServices.framework/Versions/A/DictionaryServices
0x00007fff2ec56000 	/System/Library/Frameworks/CoreServices.framework/Versions/A/Frameworks/SharedFileList.framework/Versions/A/SharedFileList
0x00007fff33af7000 	/System/Library/Frameworks/NetFS.framework/Versions/A/NetFS
0x00007fff547e5000 	/System/Library/PrivateFrameworks/NetAuth.framework/Versions/A/NetAuth
0x00007fff61189000 	/System/Library/PrivateFrameworks/login.framework/Versions/A/Frameworks/loginsupport.framework/Versions/A/loginsupport
0x00007fff5da7c000 	/System/Library/PrivateFrameworks/TCC.framework/Versions/A/TCC
0x00007fff456cb000 	/System/Library/PrivateFrameworks/CoreNLP.framework/Versions/A/CoreNLP
0x00007fff53ce2000 	/System/Library/PrivateFrameworks/MetadataUtilities.framework/Versions/A/MetadataUtilities
0x00007fff65461000 	/usr/lib/libmecabra.dylib
0x00007fff653b9000 	/usr/lib/libmecab.dylib
0x00007fff65015000 	/usr/lib/libgermantok.dylib
0x00007fff642da000 	/usr/lib/libThaiTokenizer.dylib
0x00007fff63ce0000 	/usr/lib/libChineseTokenizer.dylib
0x00007fff28de3000 	/System/Library/Frameworks/Accelerate.framework/Versions/A/Frameworks/vImage.framework/Versions/A/vImage
0x00007fff2a24d000 	/System/Library/Frameworks/Accelerate.framework/Versions/A/Frameworks/vecLib.framework/Versions/A/vecLib
0x00007fff2a18a000 	/System/Library/Frameworks/Accelerate.framework/Versions/A/Frameworks/vecLib.framework/Versions/A/libvMisc.dylib
0x00007fff29fb2000 	/System/Library/Frameworks/Accelerate.framework/Versions/A/Frameworks/vecLib.framework/Versions/A/libvDSP.dylib
0x00007fff2943a000 	/System/Library/Frameworks/Accelerate.framework/Versions/A/Frameworks/vecLib.framework/Versions/A/libBLAS.dylib
0x00007fff29b76000 	/System/Library/Frameworks/Accelerate.framework/Versions/A/Frameworks/vecLib.framework/Versions/A/libLAPACK.dylib
0x00007fff29f12000 	/System/Library/Frameworks/Accelerate.framework/Versions/A/Frameworks/vecLib.framework/Versions/A/libLinearAlgebra.dylib
0x00007fff29f9f000 	/System/Library/Frameworks/Accelerate.framework/Versions/A/Frameworks/vecLib.framework/Versions/A/libSparseBLAS.dylib
0x00007fff29f28000 	/System/Library/Frameworks/Accelerate.framework/Versions/A/Frameworks/vecLib.framework/Versions/A/libQuadrature.dylib
0x00007fff296a2000 	/System/Library/Frameworks/Accelerate.framework/Versions/A/Frameworks/vecLib.framework/Versions/A/libBNNS.dylib
0x00007fff29f2e000 	/System/Library/Frameworks/Accelerate.framework/Versions/A/Frameworks/vecLib.framework/Versions/A/libSparse.dylib
0x00007fff52856000 	/System/Library/PrivateFrameworks/LanguageModeling.framework/Versions/A/LanguageModeling
0x00007fff4507b000 	/System/Library/PrivateFrameworks/CoreEmoji.framework/Versions/A/CoreEmoji
0x00007fff52974000 	/System/Library/PrivateFrameworks/LinguisticData.framework/Versions/A/LinguisticData
0x00007fff52925000 	/System/Library/PrivateFrameworks/Lexicon.framework/Versions/A/Lexicon
0x00007fff6459c000 	/usr/lib/libcmph.dylib
0x00007fff366e6000 	/System/Library/Frameworks/OpenDirectory.framework/Versions/A/Frameworks/CFOpenDirectory.framework/Versions/A/CFOpenDirectory
0x00007fff36703000 	/System/Library/Frameworks/OpenDirectory.framework/Versions/A/OpenDirectory
0x00007fff3eb46000 	/System/Library/PrivateFrameworks/APFS.framework/Versions/A/APFS
0x00007fff39df5000 	/System/Library/Frameworks/SecurityFoundation.framework/Versions/A/SecurityFoundation
0x00007fff66662000 	/usr/lib/libutil.dylib
0x00007fff465b0000 	/System/Library/PrivateFrameworks/CoreServicesStore.framework/Versions/A/CoreServicesStore
0x00007fff39eac000 	/System/Library/Frameworks/ServiceManagement.framework/Versions/A/ServiceManagement
0x00007fff42269000 	/System/Library/PrivateFrameworks/BackgroundTaskManagement.framework/Versions/A/BackgroundTaskManagement
0x00007fff6675f000 	/usr/lib/libxslt.1.dylib
0x00007fff4110c000 	/System/Library/PrivateFrameworks/AppleSystemInfo.framework/Versions/A/AppleSystemInfo
0x00007fff3028c000 	/System/Library/Frameworks/ImageIO.framework/Versions/A/Resources/libJPEG.dylib
0x00007fff30549000 	/System/Library/Frameworks/ImageIO.framework/Versions/A/Resources/libTIFF.dylib
0x00007fff3052c000 	/System/Library/Frameworks/ImageIO.framework/Versions/A/Resources/libPng.dylib
0x00007fff301ce000 	/System/Library/Frameworks/ImageIO.framework/Versions/A/Resources/libGIF.dylib
0x00007fff301d2000 	/System/Library/Frameworks/ImageIO.framework/Versions/A/Resources/libJP2.dylib
0x00007fff30547000 	/System/Library/Frameworks/ImageIO.framework/Versions/A/Resources/libRadiance.dylib
0x00007fff64fde000 	/usr/lib/libexpat.1.dylib
0x00007fff40bf4000 	/System/Library/PrivateFrameworks/AppleJPEG.framework/Versions/A/AppleJPEG
0x00007fff498c6000 	/System/Library/PrivateFrameworks/FontServices.framework/libFontParser.dylib
0x00007fff6018b000 	/System/Library/PrivateFrameworks/WatchdogClient.framework/Versions/A/WatchdogClient
0x00007fff51eb1000 	/System/Library/PrivateFrameworks/IOAccelerator.framework/Versions/A/IOAccelerator
0x00007fff32a56000 	/System/Library/Frameworks/MetalPerformanceShaders.framework/Versions/A/MetalPerformanceShaders
0x00007fff4e641000 	/System/Library/PrivateFrameworks/GPUWrangler.framework/Versions/A/GPUWrangler
0x00007fff51ec6000 	/System/Library/PrivateFrameworks/IOPresentment.framework/Versions/A/IOPresentment
0x00007fff47130000 	/System/Library/PrivateFrameworks/DSExternalDisplay.framework/Versions/A/DSExternalDisplay
0x00007fff37077000 	/System/Library/Frameworks/OpenGL.framework/Versions/A/Libraries/libCoreFSCache.dylib
0x00007fff327a2000 	/System/Library/Frameworks/MetalPerformanceShaders.framework/Frameworks/MPSCore.framework/Versions/A/MPSCore
0x00007fff327e0000 	/System/Library/Frameworks/MetalPerformanceShaders.framework/Frameworks/MPSImage.framework/Versions/A/MPSImage
0x00007fff328a7000 	/System/Library/Frameworks/MetalPerformanceShaders.framework/Frameworks/MPSNeuralNetwork.framework/Versions/A/MPSNeuralNetwork
0x00007fff3286b000 	/System/Library/Frameworks/MetalPerformanceShaders.framework/Frameworks/MPSMatrix.framework/Versions/A/MPSMatrix
0x00007fff32a06000 	/System/Library/Frameworks/MetalPerformanceShaders.framework/Frameworks/MPSRayIntersector.framework/Versions/A/MPSRayIntersector
0x00007fff32891000 	/System/Library/Frameworks/MetalPerformanceShaders.framework/Frameworks/MPSNDArray.framework/Versions/A/MPSNDArray
0x00007fff53d2f000 	/System/Library/PrivateFrameworks/MetalTools.framework/Versions/A/MetalTools
0x00007fff3fd20000 	/System/Library/PrivateFrameworks/AggregateDictionary.framework/Versions/A/AggregateDictionary
0x00007fff44ac3000 	/System/Library/PrivateFrameworks/CoreAnalytics.framework/Versions/A/CoreAnalytics
0x00007fff4102b000 	/System/Library/PrivateFrameworks/AppleSauce.framework/Versions/A/AppleSauce
0x00007fff63f9c000 	/usr/lib/libIOReport.dylib
0x00007fff2f157000 	/System/Library/Frameworks/CoreVideo.framework/Versions/A/CoreVideo
0x00007fff4faba000 	/System/Library/PrivateFrameworks/GraphVisualizer.framework/Versions/A/GraphVisualizer
0x00007fff48e0c000 	/System/Library/PrivateFrameworks/FaceCore.framework/Versions/A/FaceCore
0x00007fff3668d000 	/System/Library/Frameworks/OpenCL.framework/Versions/A/OpenCL
0x00007fff63dbe000 	/usr/lib/libFosl_dynamic.dylib
0x00007fff55206000 	/System/Library/PrivateFrameworks/OTSVG.framework/Versions/A/OTSVG
0x00007fff2b30c000 	/System/Library/Frameworks/ApplicationServices.framework/Versions/A/Frameworks/ATS.framework/Versions/A/Resources/libFontRegistry.dylib
0x00007fff49a95000 	/System/Library/PrivateFrameworks/FontServices.framework/libhvf.dylib
0x00007fff37082000 	/System/Library/Frameworks/OpenGL.framework/Versions/A/Libraries/libGFXShared.dylib
0x00007fff37260000 	/System/Library/Frameworks/OpenGL.framework/Versions/A/Libraries/libGLU.dylib
0x00007fff3708b000 	/System/Library/Frameworks/OpenGL.framework/Versions/A/Libraries/libGL.dylib
0x00007fff37096000 	/System/Library/Frameworks/OpenGL.framework/Versions/A/Libraries/libGLImage.dylib
0x00007fff37074000 	/System/Library/Frameworks/OpenGL.framework/Versions/A/Libraries/libCVMSPluginSupport.dylib
0x00007fff3707d000 	/System/Library/Frameworks/OpenGL.framework/Versions/A/Libraries/libCoreVMClient.dylib
0x00007fff65a30000 	/usr/lib/libncurses.5.4.dylib
0x00007fff2b208000 	/System/Library/Frameworks/ApplicationServices.framework/Versions/A/Frameworks/ATS.framework/Versions/A/ATS
0x00007fff2b3d5000 	/System/Library/Frameworks/ApplicationServices.framework/Versions/A/Frameworks/ColorSyncLegacy.framework/Versions/A/ColorSyncLegacy
0x00007fff2b473000 	/System/Library/Frameworks/ApplicationServices.framework/Versions/A/Frameworks/HIServices.framework/Versions/A/HIServices
0x00007fff2b4cb000 	/System/Library/Frameworks/ApplicationServices.framework/Versions/A/Frameworks/LangAnalysis.framework/Versions/A/LangAnalysis
0x00007fff2b4da000 	/System/Library/Frameworks/ApplicationServices.framework/Versions/A/Frameworks/PrintCore.framework/Versions/A/PrintCore
0x00007fff2b520000 	/System/Library/Frameworks/ApplicationServices.framework/Versions/A/Frameworks/QD.framework/Versions/A/QD
0x00007fff2b52b000 	/System/Library/Frameworks/ApplicationServices.framework/Versions/A/Frameworks/SpeechSynthesis.framework/Versions/A/SpeechSynthesis
0x00007fff2b3a5000 	/System/Library/Frameworks/ApplicationServices.framework/Versions/A/Frameworks/ATSUI.framework/Versions/A/ATSUI
0x00007fff64e74000 	/usr/lib/libcups.2.dylib
0x00007fff31af1000 	/System/Library/Frameworks/Kerberos.framework/Versions/A/Kerberos
0x00007fff2fc33000 	/System/Library/Frameworks/GSS.framework/Versions/A/GSS
0x00007fff661b3000 	/usr/lib/libresolv.9.dylib
0x00007fff4fc67000 	/System/Library/PrivateFrameworks/Heimdal.framework/Versions/A/Heimdal
0x00007fff31b04000 	/System/Library/Frameworks/Kerberos.framework/Versions/A/Libraries/libHeimdalProxy.dylib
0x00007fff6501b000 	/usr/lib/libheimdal-asn1.dylib
0x00007fff43f5b000 	/System/Library/PrivateFrameworks/CommonAuth.framework/Versions/A/CommonAuth
0x00007fff411a9000 	/System/Library/PrivateFrameworks/AssertionServices.framework/Versions/A/AssertionServices
0x00007fff41d4c000 	/System/Library/PrivateFrameworks/AudioToolboxCore.framework/Versions/A/AudioToolboxCore
0x00007fff60e39000 	/System/Library/PrivateFrameworks/caulk.framework/Versions/A/caulk
0x00007fff42315000 	/System/Library/PrivateFrameworks/BaseBoard.framework/Versions/A/BaseBoard
0x00007fff59469000 	/System/Library/PrivateFrameworks/RunningBoardServices.framework/Versions/A/RunningBoardServices
0x00007fff5647a000 	/System/Library/PrivateFrameworks/PersistentConnection.framework/Versions/A/PersistentConnection
0x00007fff58e62000 	/System/Library/PrivateFrameworks/ProtocolBuffer.framework/Versions/A/ProtocolBuffer
0x00007fff43f7f000 	/System/Library/PrivateFrameworks/CommonUtilities.framework/Versions/A/CommonUtilities
0x00007fff424a3000 	/System/Library/PrivateFrameworks/Bom.framework/Versions/A/Bom
0x00007fff63c6f000 	/usr/lib/libAudioToolboxUtility.dylib
0x00007fff42273000 	/System/Library/PrivateFrameworks/Backup.framework/Versions/A/Backup
0x00007fff47051000 	/System/Library/PrivateFrameworks/CrashReporterSupport.framework/Versions/A/CrashReporterSupport
0x00007fff5aefb000 	/System/Library/PrivateFrameworks/Sharing.framework/Versions/A/Sharing
0x00007fff407b7000 	/System/Library/PrivateFrameworks/Apple80211.framework/Versions/A/Apple80211
0x00007fff41f90000 	/System/Library/PrivateFrameworks/AuthKit.framework/Versions/A/AuthKit
0x00007fff46d5e000 	/System/Library/PrivateFrameworks/CoreUtils.framework/Versions/A/CoreUtils
0x00007fff2f19c000 	/System/Library/Frameworks/CoreWLAN.framework/Versions/A/CoreWLAN
0x00007fff2fdc0000 	/System/Library/Frameworks/IOBluetooth.framework/Versions/A/IOBluetooth
0x00007fff54034000 	/System/Library/PrivateFrameworks/MobileKeyBag.framework/Versions/A/MobileKeyBag
0x00007fff45b63000 	/System/Library/PrivateFrameworks/CorePhoneNumbers.framework/Versions/A/CorePhoneNumbers
0x00007fff40ba7000 	/System/Library/PrivateFrameworks/AppleIDAuthSupport.framework/Versions/A/AppleIDAuthSupport
0x00007fff33b04000 	/System/Library/Frameworks/Network.framework/Versions/A/Network
0x00007fff52702000 	/System/Library/PrivateFrameworks/KeychainCircle.framework/Versions/A/KeychainCircle
0x00007fff2cbec000 	/System/Library/Frameworks/CoreBluetooth.framework/Versions/A/CoreBluetooth
0x00007fff5cf7a000 	/System/Library/PrivateFrameworks/SpeechRecognitionCore.framework/Versions/A/SpeechRecognitionCore
0x000000010a200000 	/Library/Java/JavaVirtualMachines/jdk-11.0.8.jdk/Contents/Home/lib/server/libjvm.dylib
0x000000010995a000 	/Library/Java/JavaVirtualMachines/jdk-11.0.8.jdk/Contents/Home/lib/libverify.dylib
0x000000010996a000 	/Library/Java/JavaVirtualMachines/jdk-11.0.8.jdk/Contents/Home/lib/libjava.dylib
0x0000000109997000 	/Library/Java/JavaVirtualMachines/jdk-11.0.8.jdk/Contents/Home/lib/libjimage.dylib
0x00000001099ed000 	/Library/Java/JavaVirtualMachines/jdk-11.0.8.jdk/Contents/Home/lib/libzip.dylib
0x00000001181eb000 	/Library/Java/JavaVirtualMachines/jdk-11.0.8.jdk/Contents/Home/lib/libnio.dylib
0x00000001181fd000 	/Library/Java/JavaVirtualMachines/jdk-11.0.8.jdk/Contents/Home/lib/libnet.dylib
0x0000000118217000 	/Users/michaelsheinman/Documents/javafx-sdk-11.0.2/lib/libprism_es2.dylib
0x00007fff4657c000 	/System/Library/PrivateFrameworks/CoreServicesInternal.framework/Versions/A/CoreServicesInternal
0x00007fff37ce8000 	/System/Library/Frameworks/OpenGL.framework/Versions/A/Resources/GLEngine.bundle/GLEngine
0x00007fff370cb000 	/System/Library/Frameworks/OpenGL.framework/Versions/A/Libraries/libGLProgrammability.dylib
0x00007fff22443000 	/System/Library/Extensions/AppleIntelBDWGraphicsGLDriver.bundle/Contents/MacOS/AppleIntelBDWGraphicsGLDriver
0x00007fff4e635000 	/System/Library/PrivateFrameworks/GPUSupport.framework/Versions/A/Libraries/libGPUSupportMercury.dylib
0x00007fff37e62000 	/System/Library/Frameworks/OpenGL.framework/Versions/A/Resources/GLRendererFloat.bundle/GLRendererFloat
0x00007fff36684000 	/System/Library/Frameworks/OpenCL.framework/Versions/A/Libraries/libcldcpuengine.dylib
0x000000012bb2a000 	/Users/michaelsheinman/Documents/javafx-sdk-11.0.2/lib/libglass.dylib
0x00007fff2f6bb000 	/System/Library/Frameworks/FileProvider.framework/Versions/A/FileProvider
0x00007fff2a24e000 	/System/Library/Frameworks/Accounts.framework/Versions/A/Accounts
0x00007fff4e966000 	/System/Library/PrivateFrameworks/GenerationalStorage.framework/Versions/A/GenerationalStorage
0x00007fff46b03000 	/System/Library/PrivateFrameworks/CoreSymbolication.framework/Versions/A/CoreSymbolication
0x00007fff5d7bc000 	/System/Library/PrivateFrameworks/SymptomDiagnosticReporter.framework/Versions/A/SymptomDiagnosticReporter
0x00007fff402bb000 	/System/Library/PrivateFrameworks/AppContainer.framework/Versions/A/AppContainer
0x00007fff661cd000 	/usr/lib/libsandbox.1.dylib
0x00007fff5f12e000 	/System/Library/PrivateFrameworks/UserManagement.framework/Versions/A/UserManagement
0x00007fff4305f000 	/System/Library/PrivateFrameworks/ChunkingLibrary.framework/Versions/A/ChunkingLibrary
0x00007fff47285000 	/System/Library/PrivateFrameworks/DebugSymbols.framework/Versions/A/DebugSymbols
0x00007fff4032d000 	/System/Library/PrivateFrameworks/AppSandbox.framework/Versions/A/AppSandbox
0x00007fff5ad85000 	/System/Library/PrivateFrameworks/SecCodeWrapper.framework/Versions/A/SecCodeWrapper
0x00007fff64084000 	/usr/lib/libMatch.1.dylib
0x00007fff20236000 	/System/Library/CoreServices/RawCamera.bundle/Contents/MacOS/RawCamera
0x00007fff53e5e000 	/System/Library/PrivateFrameworks/MobileAsset.framework/Versions/A/MobileAsset
0x00007fff5d664000 	/System/Library/PrivateFrameworks/StreamingZip.framework/Versions/A/StreamingZip
0x00007fff31f6c000 	/System/Library/Frameworks/MediaToolbox.framework/Versions/A/MediaToolbox
0x00007fff44a73000 	/System/Library/PrivateFrameworks/CoreAVCHD.framework/Versions/A/CoreAVCHD
0x00007fff31e96000 	/System/Library/Frameworks/MediaAccessibility.framework/Versions/A/MediaAccessibility
0x00007fff53212000 	/System/Library/PrivateFrameworks/Mangrove.framework/Versions/A/Mangrove
0x00007fff2e364000 	/System/Library/Frameworks/CoreMedia.framework/Versions/A/CoreMedia
0x00007fff5347e000 	/System/Library/PrivateFrameworks/MediaExperience.framework/Versions/A/MediaExperience
0x00007fff3ae56000 	/System/Library/Frameworks/VideoToolbox.framework/Versions/A/VideoToolbox
0x00007fff4469d000 	/System/Library/PrivateFrameworks/CoreAUC.framework/Versions/A/CoreAUC
0x00007fff66225000 	/usr/lib/libspindump.dylib
0x00007fff416fb000 	/System/Library/PrivateFrameworks/AudioResourceArbitration.framework/Versions/A/AudioResourceArbitration
0x00007fff41110000 	/System/Library/PrivateFrameworks/AppleVA.framework/Versions/A/AppleVA
0x00007fff28dcc000 	/System/Library/Frameworks/Accelerate.framework/Versions/A/Frameworks/vImage.framework/Versions/A/Libraries/libCGInterfaces.dylib
0x000000012cc8b000 	/usr/lib/libobjc-trampolines.dylib
0x00007fff5fefa000 	/System/Library/PrivateFrameworks/ViewBridge.framework/Versions/A/ViewBridge
0x00007fff499fd000 	/System/Library/PrivateFrameworks/FontServices.framework/libTrueTypeScaler.dylib
0x00007fff22944000 	/System/Library/Extensions/AppleIntelBDWGraphicsMTLDriver.bundle/Contents/MacOS/AppleIntelBDWGraphicsMTLDriver
0x00007fff4cf86000 	/System/Library/PrivateFrameworks/GPUCompiler.framework/Versions/3902/Libraries/libmetal_timestamp.dylib
0x000000012f368000 	/Users/michaelsheinman/Documents/javafx-sdk-11.0.2/lib/libjavafx_font.dylib
0x00007fff6118c000 	/System/Library/PrivateFrameworks/login.framework/Versions/A/login
0x0000000131b61000 	/Library/Java/JavaVirtualMachines/jdk-11.0.8.jdk/Contents/Home/lib/libawt.dylib
0x0000000131c02000 	/Library/Java/JavaVirtualMachines/jdk-11.0.8.jdk/Contents/Home/lib/libmlib_image.dylib
0x00007fff31adb000 	/System/Library/Frameworks/JavaVM.framework/Versions/A/Frameworks/JavaNativeFoundation.framework/Versions/A/JavaNativeFoundation
0x00007fff31ae4000 	/System/Library/Frameworks/JavaVM.framework/Versions/A/Frameworks/JavaRuntimeSupport.framework/Versions/A/JavaRuntimeSupport
0x00007fff31aec000 	/System/Library/Frameworks/JavaVM.framework/Versions/A/JavaVM
0x00007fff52519000 	/System/Library/PrivateFrameworks/JavaLaunching.framework/Versions/A/JavaLaunching
0x00007fff2bdbd000 	/System/Library/Frameworks/Carbon.framework/Versions/A/Carbon
0x00007fff2bdbe000 	/System/Library/Frameworks/Carbon.framework/Versions/A/Frameworks/CommonPanels.framework/Versions/A/CommonPanels
0x00007fff2c0b7000 	/System/Library/Frameworks/Carbon.framework/Versions/A/Frameworks/Help.framework/Versions/A/Help
0x00007fff2c0bb000 	/System/Library/Frameworks/Carbon.framework/Versions/A/Frameworks/ImageCapture.framework/Versions/A/ImageCapture
0x00007fff2c0c2000 	/System/Library/Frameworks/Carbon.framework/Versions/A/Frameworks/OpenScripting.framework/Versions/A/OpenScripting
0x00007fff2c0c1000 	/System/Library/Frameworks/Carbon.framework/Versions/A/Frameworks/Ink.framework/Versions/A/Ink
0x00007fff2c0fd000 	/System/Library/Frameworks/Carbon.framework/Versions/A/Frameworks/Print.framework/Versions/A/Print
0x00007fff2c0fe000 	/System/Library/Frameworks/Carbon.framework/Versions/A/Frameworks/SecurityHI.framework/Versions/A/SecurityHI
0x0000000131c6e000 	/Library/Java/JavaVirtualMachines/jdk-11.0.8.jdk/Contents/Home/lib/libawt_lwawt.dylib
0x0000000131d21000 	/Library/Java/JavaVirtualMachines/jdk-11.0.8.jdk/Contents/Home/lib/libosxapp.dylib
0x00007fff2f69c000 	/System/Library/Frameworks/ExceptionHandling.framework/Versions/A/ExceptionHandling
0x0000000131d41000 	/Users/michaelsheinman/Library/Caches/JNA/temp/jna9674221450902905481.tmp
0x0000000131f57000 	/Users/michaelsheinman/Library/Caches/JNA/temp/jna17504602055346205771.tmp
0x00000001321d5000 	/usr/local/opt/leptonica/lib/liblept.5.dylib
0x00007fff64ed5000 	/usr/lib/libcurl.4.dylib
0x00000001323e7000 	/usr/local/opt/libpng/lib/libpng16.16.dylib
0x0000000132413000 	/usr/local/opt/jpeg/lib/libjpeg.9.dylib
0x0000000132449000 	/usr/local/opt/giflib/lib/libgif.dylib
0x0000000132452000 	/usr/local/opt/libtiff/lib/libtiff.5.dylib
0x00000001324ca000 	/usr/local/opt/webp/lib/libwebpmux.3.dylib
0x00000001324de000 	/usr/local/opt/webp/lib/libwebp.7.dylib
0x0000000132546000 	/usr/local/opt/openjpeg/lib/libopenjp2.7.dylib
0x00007fff64d5a000 	/usr/lib/libcrypto.44.dylib
0x00007fff66505000 	/usr/lib/libssl.46.dylib
0x00007fff31b05000 	/System/Library/Frameworks/LDAP.framework/Versions/A/LDAP
0x00007fff5e20e000 	/System/Library/PrivateFrameworks/TrustEvaluationAgent.framework/Versions/A/TrustEvaluationAgent
0x00007fff66212000 	/usr/lib/libsasl2.2.dylib
0x00007fff44def000 	/System/Library/PrivateFrameworks/CoreDaemon.framework/Versions/B/CoreDaemon
0x00007fff41026000 	/System/Library/PrivateFrameworks/AppleSRP.framework/Versions/A/AppleSRP


VM Arguments:
jvm_args: --module-path=/Users/michaelsheinman/Documents/javafx-sdk-11.0.2/lib --add-modules=javafx.controls,javafx.fxml -Dfile.encoding=UTF-8 
java_command: application.Main
java_class_path (initial): /Users/michaelsheinman/Downloads/OCRParserApp/bin:/Users/michaelsheinman/Downloads/OCRParserApp/src/libs/commons-beanutils-1.9.2.jar:/Users/michaelsheinman/Downloads/OCRParserApp/src/libs/commons-collections-3.2.1.jar:/Users/michaelsheinman/Downloads/OCRParserApp/src/libs/commons-io-2.8.0.jar:/Users/michaelsheinman/Downloads/OCRParserApp/src/libs/commons-logging-1.2.jar:/Users/michaelsheinman/Downloads/OCRParserApp/src/libs/fontbox-2.0.21.jar:/Users/michaelsheinman/Downloads/OCRParserApp/src/libs/ghost4j-1.0.1.jar:/Users/michaelsheinman/Downloads/OCRParserApp/src/libs/itext-2.1.7.jar:/Users/michaelsheinman/Downloads/OCRParserApp/src/libs/jai-imageio-core-1.4.0.jar:/Users/michaelsheinman/Downloads/OCRParserApp/src/libs/jbig2-imageio-3.0.3.jar:/Users/michaelsheinman/Downloads/OCRParserApp/src/libs/jboss-logging-3.1.4.GA.jar:/Users/michaelsheinman/Downloads/OCRParserApp/src/libs/jboss-vfs-3.2.15.Final.jar:/Users/michaelsheinman/Downloads/OCRParserApp/src/libs/jna-5.6.0.jar:/Users/michaelsheinman/Downloads/OCRParserApp/src/libs/lept4j-1.13.2.jar:/Users/michaelsheinman/Downloads/OCRParserApp/src/libs/log4j-1.2.17.jar:/Users/michaelsheinman/Downloads/OCRParserApp/src/libs/pdfbox-2.0.21.jar:/Users/michaelsheinman/Downloads/OCRParserApp/src/libs/pdfbox-debugger-2.0.21.jar:/Users/michaelsheinman/Downloads/OCRParserApp/src/libs/pdfbox-tools-2.0.21.jar:/Users/michaelsheinman/Downloads/OCRParserApp/src/libs/slf4j-api-1.7.30.jar:/Users/michaelsheinman/Downloads/OCRParserApp/src/libs/xmlgraphics-commons-1.4.jar:/Users/michaelsheinman/Documents/javafx-sdk-11.0.2/lib/javafx.base.jar:/Users/michaelsheinman/Documents/javafx-sdk-11.0.2/lib/javafx.controls.jar:/Users/michaelsheinman/Documents/javafx-sdk-11.0.2/lib/javafx.swing.jar:/Users/michaelsheinman/Documents/javafx-sdk-11.0.2/lib/javafx.web.jar:/Users/michaelsheinman/Documents/javafx-sdk-11.0.2/lib/javafx-swt.jar:/Users/michaelsheinman/Documents/javafx-sdk-11.0.2/lib/javafx.fxml.jar:/Users/michaelshein
Launcher Type: SUN_STANDARD

[Global flags]
     intx CICompilerCount                          = 3                                         {product} {ergonomic}
     uint ConcGCThreads                            = 1                                         {product} {ergonomic}
     uint G1ConcRefinementThreads                  = 4                                         {product} {ergonomic}
   size_t G1HeapRegionSize                         = 1048576                                   {product} {ergonomic}
    uintx GCDrainStackTargetSize                   = 64                                        {product} {ergonomic}
   size_t InitialHeapSize                          = 134217728                                 {product} {ergonomic}
   size_t MarkStackSize                            = 4194304                                   {product} {ergonomic}
   size_t MaxHeapSize                              = 2147483648                                {product} {ergonomic}
   size_t MaxNewSize                               = 1287651328                                {product} {ergonomic}
   size_t MinHeapDeltaBytes                        = 1048576                                   {product} {ergonomic}
    uintx NonNMethodCodeHeapSize                   = 5830732                                {pd product} {ergonomic}
    uintx NonProfiledCodeHeapSize                  = 122913754                              {pd product} {ergonomic}
    uintx ProfiledCodeHeapSize                     = 122913754                              {pd product} {ergonomic}
    uintx ReservedCodeCacheSize                    = 251658240                              {pd product} {ergonomic}
     bool SegmentedCodeCache                       = true                                      {product} {ergonomic}
     bool UseCompressedClassPointers               = true                                 {lp64_product} {ergonomic}
     bool UseCompressedOops                        = true                                 {lp64_product} {ergonomic}
     bool UseG1GC                                  = true                                      {product} {ergonomic}

Logging:
Log output configuration:
 #0: stdout all=warning uptime,level,tags
 #1: stderr all=off uptime,level,tags

Environment Variables:
PATH=/usr/bin:/bin:/usr/sbin:/sbin
SHELL=/bin/zsh
DISPLAY=/private/tmp/com.apple.launchd.OMPHboK2Jq/org.macosforge.xquartz:0

Signal Handlers:
SIGSEGV: [libjvm.dylib+0x786954], sa_mask[0]=11111111011111110111111111111111, sa_flags=SA_ONSTACK|SA_RESTART|SA_SIGINFO
SIGBUS: [libjvm.dylib+0x786954], sa_mask[0]=11111111011111110111111111111111, sa_flags=SA_RESTART|SA_SIGINFO
SIGFPE: [libjvm.dylib+0x786954], sa_mask[0]=11111111011111110111111111111111, sa_flags=SA_RESTART|SA_SIGINFO
SIGPIPE: [libjvm.dylib+0x637ecb], sa_mask[0]=11111111011111110111111111111111, sa_flags=SA_RESTART|SA_SIGINFO
SIGXFSZ: [libjvm.dylib+0x637ecb], sa_mask[0]=11111111011111110111111111111111, sa_flags=SA_RESTART|SA_SIGINFO
SIGILL: [libjvm.dylib+0x786954], sa_mask[0]=11111111011111110111111111111111, sa_flags=SA_RESTART|SA_SIGINFO
SIGUSR2: [libjvm.dylib+0x6384b5], sa_mask[0]=00100000000000000000000000000000, sa_flags=SA_RESTART|SA_SIGINFO
SIGHUP: [libjvm.dylib+0x636f13], sa_mask[0]=11111111011111110111111111111111, sa_flags=SA_RESTART|SA_SIGINFO
SIGINT: [libjvm.dylib+0x636f13], sa_mask[0]=11111111011111110111111111111111, sa_flags=SA_RESTART|SA_SIGINFO
SIGTERM: [libjvm.dylib+0x636f13], sa_mask[0]=11111111011111110111111111111111, sa_flags=SA_RESTART|SA_SIGINFO
SIGQUIT: [libjvm.dylib+0x636f13], sa_mask[0]=11111111011111110111111111111111, sa_flags=SA_RESTART|SA_SIGINFO


---------------  S Y S T E M  ---------------

OS:uname:Darwin 19.6.0 Darwin Kernel Version 19.6.0: Mon Apr 12 20:57:45 PDT 2021; root:xnu-6153.141.28.1~1/RELEASE_X86_64 x86_64
rlimit: STACK 8192k, CORE 0k, NPROC 1392, NOFILE 10240, AS infinity, DATA infinity, FSIZE infinity
load average:2.86 3.88 3.82

CPU:total 4 (initial active 4) (2 cores per cpu, 2 threads per core) family 6 model 61 stepping 4, cmov, cx8, fxsr, mmx, sse, sse2, sse3, ssse3, sse4.1, sse4.2, popcnt, avx, avx2, aes, clmul, erms, rtm, 3dnowpref, lzcnt, ht, tsc, tscinvbit, bmi1, bmi2, adx, fma

Memory: 4k page, physical 8388608k(100440k free)

vm_info: Java HotSpot(TM) 64-Bit Server VM (11.0.8+10-LTS) for bsd-amd64 JRE (11.0.8+10-LTS), built on Jun 16 2020 04:52:58 by "mach5one" with gcc 4.2.1 Compatible Apple LLVM 10.0.0 (clang-1000.11.45.5)

END.
